[23:24:40] [main/INFO] ========================================
[23:24:40] [main/INFO] Minecraft: 1.20.1
[23:24:40] [main/INFO] Side: server
[23:24:40] [main/INFO] Development: false
[23:24:40] [main/INFO] Version: 12.1.785
[23:24:40] [main/INFO] Loader:
[23:24:40] [main/INFO] - Fabric: 0.17.2
[23:24:40] [main/INFO] - Fabric API: 0.92.6+1.20.1
[23:24:40] [main/INFO] Dependencies:
[23:24:40] [main/INFO] - Cloth Config: 11.1.136
[23:24:40] [main/INFO] - Architectury: 9.2.14
[23:24:40] [main/INFO] Mixin: 0.8.7
[23:24:40] [main/INFO] OS: Linux 6.8.0-1030-azure (amd64)
[23:24:40] [main/INFO] Java: 21.0.8 (Ubuntu)
[23:24:40] [main/INFO] ========================================
[23:24:40] [main/INFO] Mods:
[23:24:40] [main/INFO] - accessories: 1.0.0-beta.47+1.20.1
[23:24:40] [main/INFO] - appleskin: 2.5.1+mc1.20
[23:24:40] [main/INFO] - architectury: 9.2.14
[23:24:40] [main/INFO] - bclib: 3.0.14
[23:24:40] [main/INFO] - betterdeserttemples: 1.20-Fabric-3.0.3
[23:24:40] [main/INFO] - betterend: 4.0.11
[23:24:40] [main/INFO] - betterendisland: 1.20-Fabric-2.0.6
[23:24:40] [main/INFO] - betterfortresses: 1.20-Fabric-2.0.6
[23:24:40] [main/INFO] - betteroceanmonuments: 1.20-Fabric-3.0.4
[23:24:40] [main/INFO] - betterstats: 3.12.6+fabric-1.20.1
[23:24:40] [main/INFO] - bettervillage: 3.3.0
[23:24:40] [main/INFO] - bigendcitiesmod: 1.20.1-1.0.4
[23:24:40] [main/INFO] - blue_endless_jankson: 1.2.3
[23:24:40] [main/INFO] - bodiesbodies: 1.0.1
[23:24:40] [main/INFO] - cactusconfig: 2.1.1+knot+1.20.1
[23:24:40] [main/INFO] - cardinal-components: 5.2.3
[23:24:40] [main/INFO] - cardinal-components-base: 5.2.3
[23:24:40] [main/INFO] - cardinal-components-block: 5.2.3
[23:24:40] [main/INFO] - cardinal-components-chunk: 5.2.3
[23:24:40] [main/INFO] - cardinal-components-entity: 5.2.3
[23:24:40] [main/INFO] - cardinal-components-item: 5.2.3
[23:24:40] [main/INFO] - cardinal-components-level: 5.2.3
[23:24:40] [main/INFO] - cardinal-components-scoreboard: 5.2.3
[23:24:40] [main/INFO] - cardinal-components-world: 5.2.3
[23:24:40] [main/INFO] - cavedust: 3.0.0
[23:24:40] [main/INFO] - cloth-basic-math: 0.6.1
[23:24:40] [main/INFO] - cloth-config: 11.1.136
[23:24:40] [main/INFO] - cloth-config: 11.1.136
[23:24:40] [main/INFO] - codec-config-api: 3.0.1+1.20.1
[23:24:40] [main/INFO] - collective: 8.3
[23:24:40] [main/INFO] - com_electronwill_night-config_core: 3.6.7
[23:24:40] [main/INFO] - com_electronwill_night-config_toml: 3.6.7
[23:24:40] [main/INFO] - com_eliotlash_mclib_mclib: 20
[23:24:40] [main/INFO] - com_moulberry_mixinconstraints: 1.0.1
[23:24:40] [main/INFO] - com_teamresourceful_bytecodecs: 1.0.2
[23:24:40] [main/INFO] - com_teamresourceful_yabn: 1.0.3
[23:24:40] [main/INFO] - com_twelvemonkeys_common_common-image: 3.12.0
[23:24:40] [main/INFO] - com_twelvemonkeys_common_common-io: 3.12.0
[23:24:40] [main/INFO] - com_twelvemonkeys_common_common-lang: 3.12.0
[23:24:40] [main/INFO] - com_twelvemonkeys_imageio_imageio-core: 3.12.0
[23:24:40] [main/INFO] - com_twelvemonkeys_imageio_imageio-metadata: 3.12.0
[23:24:40] [main/INFO] - com_twelvemonkeys_imageio_imageio-webp: 3.12.0
[23:24:40] [main/INFO] - creeperoverhaul: 3.0.2
[23:24:40] [main/INFO] - crops_love_rain: 1.4.0
[23:24:40] [main/INFO] - ctov: 3.4.14
[23:24:40] [main/INFO] - customizableelytra: 2.1.2+1.20
[23:24:40] [main/INFO] - customportalapi: 0.0.1-beta64-1.20
[23:24:40] [main/INFO] - deeperdarker: 1.3.3
[23:24:40] [main/INFO] - easyshulkerboxes: 8.0.2
[23:24:40] [main/INFO] - ecologics: 2.2.2
[23:24:40] [main/INFO] - endermanoverhaul: 1.0.4
[23:24:40] [main/INFO] - endrem: 5.2.4
[23:24:40] [main/INFO] - entityculling: 1.7.0
[23:24:40] [main/INFO] - error_notifier: 1.0.9
[23:24:40] [main/INFO] - fabric-api: 0.92.6+1.20.1
[23:24:40] [main/INFO] - fabric-api: 0.92.6+1.20.1
[23:24:40] [main/INFO] - fabric-api-base: 0.4.32+1802ada577
[23:24:40] [main/INFO] - fabric-api-lookup-api-v1: 1.6.37+1802ada577
[23:24:40] [main/INFO] - fabric-biome-api-v1: 13.0.14+1802ada577
[23:24:40] [main/INFO] - fabric-block-api-v1: 1.0.12+1802ada577
[23:24:40] [main/INFO] - fabric-block-view-api-v2: 1.0.3+924f046a77
[23:24:40] [main/INFO] - fabric-command-api-v1: 1.2.35+f71b366f77
[23:24:40] [main/INFO] - fabric-command-api-v2: 2.2.14+1802ada577
[23:24:40] [main/INFO] - fabric-commands-v0: 0.2.52+df3654b377
[23:24:40] [main/INFO] - fabric-containers-v0: 0.1.67+df3654b377
[23:24:40] [main/INFO] - fabric-content-registries-v0: 4.0.13+1802ada577
[23:24:40] [main/INFO] - fabric-convention-tags-v1: 1.5.6+1802ada577
[23:24:40] [main/INFO] - fabric-crash-report-info-v1: 0.2.20+1802ada577
[23:24:40] [main/INFO] - fabric-data-attachment-api-v1: 1.0.2+de0fd6d177
[23:24:40] [main/INFO] - fabric-data-generation-api-v1: 12.3.7+1802ada577
[23:24:40] [main/INFO] - fabric-dimensions-v1: 2.1.55+1802ada577
[23:24:40] [main/INFO] - fabric-entity-events-v1: 1.6.1+1c78457f77
[23:24:40] [main/INFO] - fabric-events-interaction-v0: 0.6.5+13a40c6677
[23:24:40] [main/INFO] - fabric-events-lifecycle-v0: 0.2.64+df3654b377
[23:24:40] [main/INFO] - fabric-game-rule-api-v1: 1.0.41+1802ada577
[23:24:40] [main/INFO] - fabric-item-api-v1: 2.1.29+1802ada577
[23:24:40] [main/INFO] - fabric-item-group-api-v1: 4.0.14+1802ada577
[23:24:40] [main/INFO] - fabric-language-kotlin: 1.13.6+kotlin.2.2.20
[23:24:40] [main/INFO] - fabric-lifecycle-events-v1: 2.2.23+1802ada577
[23:24:40] [main/INFO] - fabric-loot-api-v2: 1.2.3+1802ada577
[23:24:40] [main/INFO] - fabric-loot-tables-v1: 1.1.47+9e7660c677
[23:24:40] [main/INFO] - fabric-message-api-v1: 5.1.10+1802ada577
[23:24:40] [main/INFO] - fabric-mining-level-api-v1: 2.1.52+1802ada577
[23:24:40] [main/INFO] - fabric-networking-api-v1: 1.3.14+a158aa0477
[23:24:40] [main/INFO] - fabric-networking-v0: 0.3.54+df3654b377
[23:24:40] [main/INFO] - fabric-object-builder-api-v1: 11.1.5+e35120df77
[23:24:40] [main/INFO] - fabric-particles-v1: 1.1.3+1802ada577
[23:24:40] [main/INFO] - fabric-permissions-api-v0: 0.3.1
[23:24:40] [main/INFO] - fabric-recipe-api-v1: 1.0.24+1802ada577
[23:24:40] [main/INFO] - fabric-registry-sync-v0: 2.3.6+1802ada577
[23:24:40] [main/INFO] - fabric-rendering-data-attachment-v1: 0.3.39+92a0d36777
[23:24:40] [main/INFO] - fabric-rendering-fluids-v1: 3.0.29+1802ada577
[23:24:40] [main/INFO] - fabric-resource-conditions-api-v1: 2.3.9+1802ada577
[23:24:40] [main/INFO] - fabric-resource-loader-v0: 0.11.12+fb82e9d777
[23:24:40] [main/INFO] - fabric-screen-handler-api-v1: 1.3.33+1802ada577
[23:24:40] [main/INFO] - fabric-transfer-api-v1: 3.3.6+8dd72ea377
[23:24:40] [main/INFO] - fabric-transitive-access-wideners-v1: 4.3.2+1802ada577
[23:24:40] [main/INFO] - fabricloader: 0.17.2
[23:24:40] [main/INFO] - ferritecore: 6.0.1
[23:24:40] [main/INFO] - forgeconfigapiport: 8.0.2
[23:24:40] [main/INFO] - formations: 1.0.3
[23:24:40] [main/INFO] - formationsnether: 1.0.5
[23:24:40] [main/INFO] - formationsoverworld: 1.0.4
[23:24:40] [main/INFO] - friendsandfoes: 3.0.9
[23:24:40] [main/INFO] - fzzy_config: 0.7.2+1.20.1
[23:24:40] [main/INFO] - geckolib: 4.8.2
[23:24:40] [main/INFO] - glowing-torchflower: 1.1.0
[23:24:40] [main/INFO] - grindenchantments: 3.1.4+1.20.1
[23:24:40] [main/INFO] - hopobettermineshaft: 1.2.2
[23:24:40] [main/INFO] - hopobetterruinedportal: 1.3.7
[23:24:40] [main/INFO] - hopobetterunderwaterruins: 1.1.5
[23:24:40] [main/INFO] - horsebuff: 2.1.2
[23:24:40] [main/INFO] - iceberg: 1.1.25
[23:24:40] [main/INFO] - incendium: 5.3.5
[23:24:40] [main/INFO] - io_wispforest_endec: 0.1.8
[23:24:40] [main/INFO] - io_wispforest_endec_gson: 0.1.5
[23:24:40] [main/INFO] - io_wispforest_endec_netty: 0.1.4
[23:24:40] [main/INFO] - jade: 11.13.1+fabric
[23:24:40] [main/INFO] - jamlib: 0.6.1+1.20.x
[23:24:40] [main/INFO] - java: 21
[23:24:40] [main/INFO] - kirin: 1.15.6+1.20.1
[23:24:40] [main/INFO] - ksyxis: 1.3.4
[23:24:40] [main/INFO] - lazydfu: 0.1.3
[23:24:40] [main/INFO] - libraryferret: 4.0.0
[23:24:40] [main/INFO] - lithium: 0.11.2
[23:24:40] [main/INFO] - lithostitched: 1.4.7
[23:24:40] [main/INFO] - mediumcore: 1.0.0
[23:24:40] [main/INFO] - mes: 1.4.6-1.20-fabric
[23:24:40] [main/INFO] - midnightlib: 1.4.1
[23:24:40] [main/INFO] - minecraft: 1.20.1
[23:24:40] [main/INFO] - mixinextras: 0.5.0
[23:24:40] [main/INFO] - mns: 1.0.1-1.20-fabric
[23:24:40] [main/INFO] - modernfix: 5.19.4+mc1.20.1
[23:24:40] [main/INFO] - moremobvariants: 1.3.1
[23:24:40] [main/INFO] - mr_dungeons_andtaverns: 3.0.3.f
[23:24:40] [main/INFO] - mr_dungeons_andtavernsstrongholdrework: 1
[23:24:40] [main/INFO] - mr_edf_remastered: 4.3
[23:24:40] [main/INFO] - mr_mastercutter: 1.1
[23:24:40] [main/INFO] - mr_stellarity: 2.0e
[23:24:40] [main/INFO] - mr_true_ending: 1-v1.1.0c
[23:24:40] [main/INFO] - net_peanuuutz_tomlkt_tomlkt-jvm: 0.3.7
[23:24:40] [main/INFO] - netherexp: 2.1.3
[23:24:40] [main/INFO] - no-resource-pack-warnings: 1.3.0
[23:24:40] [main/INFO] - noisium: 2.3.0+mc1.20-1.20.1
[23:24:40] [main/INFO] - notenoughanimations: 1.7.6
[23:24:40] [main/INFO] - nullscape: 1.2.7
[23:24:40] [main/INFO] - org_javassist_javassist: 3.29.2-GA
[23:24:40] [main/INFO] - org_jetbrains_kotlin_kotlin-reflect: 2.2.20
[23:24:40] [main/INFO] - org_jetbrains_kotlin_kotlin-stdlib: 2.2.20
[23:24:40] [main/INFO] - org_jetbrains_kotlin_kotlin-stdlib-jdk7: 2.2.20
[23:24:40] [main/INFO] - org_jetbrains_kotlin_kotlin-stdlib-jdk8: 2.2.20
[23:24:40] [main/INFO] - org_jetbrains_kotlinx_atomicfu-jvm: 0.29.0
[23:24:40] [main/INFO] - org_jetbrains_kotlinx_kotlinx-coroutines-core-jvm: 1.10.2
[23:24:40] [main/INFO] - org_jetbrains_kotlinx_kotlinx-coroutines-jdk8: 1.10.2
[23:24:40] [main/INFO] - org_jetbrains_kotlinx_kotlinx-datetime-jvm: 0.7.1
[23:24:40] [main/INFO] - org_jetbrains_kotlinx_kotlinx-io-bytestring-jvm: 0.8.0
[23:24:40] [main/INFO] - org_jetbrains_kotlinx_kotlinx-io-core-jvm: 0.8.0
[23:24:40] [main/INFO] - org_jetbrains_kotlinx_kotlinx-serialization-cbor-jvm: 1.9.0
[23:24:40] [main/INFO] - org_jetbrains_kotlinx_kotlinx-serialization-core-jvm: 1.9.0
[23:24:40] [main/INFO] - org_jetbrains_kotlinx_kotlinx-serialization-json-jvm: 1.9.0
[23:24:40] [main/INFO] - org_quiltmc_parsers_gson: 0.2.1
[23:24:40] [main/INFO] - org_quiltmc_parsers_json: 0.2.1
[23:24:40] [main/INFO] - org_reflections_reflections: 0.10.2
[23:24:40] [main/INFO] - owo: 0.11.2+1.20
[23:24:40] [main/INFO] - paraglider: 20.1.3
[23:24:40] [main/INFO] - platform: 1.2.10.1
[23:24:40] [main/INFO] - puzzlesaccessapi: 8.0.9
[23:24:40] [main/INFO] - puzzlesapi: 8.1.6
[23:24:40] [main/INFO] - puzzleslib: 8.1.24
[23:24:40] [main/INFO] - radiantgear: 2.1.6+1.20.1
[23:24:40] [main/INFO] - reach-entity-attributes: 2.4.0
[23:24:40] [main/INFO] - resourcefulconfig: 2.1.3
[23:24:40] [main/INFO] - resourcefullib: 2.1.29
[23:24:40] [main/INFO] - rightclickharvest: 3.2.3+1.19.x-1.20.1-fabric
[23:24:40] [main/INFO] - roughlyenoughitems: 12.1.785
[23:24:40] [main/INFO] - simplemod: 1.20.1
[23:24:40] [main/INFO] - skin_changer: 0.6.6
[23:24:40] [main/INFO] - skinlayers3d: 1.6.7
[23:24:40] [main/INFO] - starlight: 1.1.2+fabric.dbc156f
[23:24:40] [main/INFO] - subtle_effects: 1.12.1
[23:24:40] [main/INFO] - sushi_bar: 0.2.2+1.20
[23:24:40] [main/INFO] - tcdcommons: 3.12.3+fabric-1.20.1
[23:24:40] [main/INFO] - terrablender: 3.0.1.10
[23:24:40] [main/INFO] - terralith: 2.5.4
[23:24:40] [main/INFO] - threadtweak: 1.20.2-0.1.1
[23:24:40] [main/INFO] - toggleableitemframes: 5.1.0-1.20.1
[23:24:40] [main/INFO] - travelersbackpack: 9.1.36
[23:24:40] [main/INFO] - treeharvester: 9.1
[23:24:40] [main/INFO] - trinkets: 3.7.2
[23:24:40] [main/INFO] - txnilib: 1.0.24
[23:24:40] [main/INFO] - u_desert: 1.6.0
[23:24:40] [main/INFO] - unwrecked_ships_plus: 2.0.5
[23:24:40] [main/INFO] - visibletraders: 0.0.4
[23:24:40] [main/INFO] - visualoverhaul: 5.0.1
[23:24:40] [main/INFO] - visualworkbench: 8.0.1
[23:24:40] [main/INFO] - vmp: 0.2.0+beta.7.102
[23:24:40] [main/INFO] - wabi_sabi_structures: 2.0.0-1.20
[23:24:40] [main/INFO] - wunderlib: 1.1.5
[23:24:40] [main/INFO] - xaerominimap: 25.2.6
[23:24:40] [main/INFO] - xaeroworldmap: 1.39.9
[23:24:40] [main/INFO] - yet_another_config_lib_v3: 3.6.6+1.20.1-fabric
[23:24:40] [main/INFO] - yungsapi: 1.20-Fabric-4.0.6
[23:24:40] [main/INFO] - yungscavebiomes: 1.20.1-Fabric-2.0.5
[23:24:40] [main/INFO] - yungsextras: 1.20-Fabric-4.0.3
[23:24:40] [main/INFO] ========================================
[23:24:40] [main/INFO] [REI] Registered plugin provider DefaultPlugin [roughlyenoughitems] for REIPlugin
[23:24:40] [main/INFO] [REI] Registered plugin provider DefaultRuntimePlugin [roughlyenoughitems] for REIPlugin
[23:24:40] [main/INFO] [REI] Registered plugin provider DefaultPlugin [roughlyenoughitems] for REIServerPlugin
[23:24:40] [main/INFO] [REI] Registered plugin provider DefaultRuntimePlugin [roughlyenoughitems] for REIServerPlugin
[23:24:40] [main/INFO] [REI] Registered plugin provider FabricFluidAPISupportPlugin for REIServerPlugin
[23:24:40] [main/INFO] [REI] Registered plugin provider FabricFluidAPISupportPlugin for REIPlugin
[23:24:46] [Worker-Main-2/DEBUG] [REI] Processed 0 tags in 50.37 μs for minecraft:dimension_type
[23:24:46] [Worker-Main-3/DEBUG] [REI] Processed 3 tags in 501.5 μs for minecraft:instrument
[23:24:46] [Worker-Main-3/DEBUG] [REI] Processed 0 tags in 4.568 μs for minecraft:worldgen/flat_level_generator_preset
[23:24:46] [Worker-Main-3/DEBUG] [REI] Processed 7 tags in 54.84 μs for minecraft:banner_pattern
[23:24:46] [Worker-Main-3/DEBUG] [REI] Processed 0 tags in 20.70 μs for minecraft:worldgen/structure
[23:24:46] [Worker-Main-2/DEBUG] [REI] Processed 86 tags in 950.6 μs for minecraft:entity_type
[23:24:46] [Worker-Main-3/DEBUG] [REI] Processed 5 tags in 44.85 μs for minecraft:enchantment
[23:24:46] [Worker-Main-3/DEBUG] [REI] Processed 5 tags in 32.82 μs for minecraft:point_of_interest_type
[23:24:46] [Worker-Main-3/DEBUG] [REI] Processed 2 tags in 28.56 μs for minecraft:painting_variant
[23:24:46] [Worker-Main-3/DEBUG] [REI] Processed 0 tags in 5.029 μs for minecraft:worldgen/world_preset
[23:24:46] [Worker-Main-3/DEBUG] [REI] Processed 0 tags in 3.867 μs for minecraft:worldgen/structure_set
[23:24:46] [Worker-Main-3/DEBUG] [REI] Processed 2 tags in 14.26 μs for minecraft:cat_variant
[23:24:46] [Worker-Main-2/DEBUG] [REI] Processed 299 tags in 6.591 ms for minecraft:item
[23:24:46] [Worker-Main-2/DEBUG] [REI] Processed 7 tags in 122.6 μs for minecraft:game_event
[23:24:46] [Worker-Main-2/DEBUG] [REI] Processed 5 tags in 16.51 μs for minecraft:fluid
[23:24:46] [Worker-Main-3/DEBUG] [REI] Processed 0 tags in 165.5 μs for minecraft:worldgen/biome
[23:24:46] [Worker-Main-3/DEBUG] [REI] Processed 0 tags in 4.359 μs for minecraft:worldgen/processor_list
[23:24:46] [Worker-Main-2/DEBUG] [REI] Processed 0 tags in 12.96 μs for minecraft:damage_type
[23:24:46] [Worker-Main-1/DEBUG] [REI] Processed 517 tags in 7.259 ms for minecraft:block
[23:24:48] [main/DEBUG] [REI] Starting Reload Plugins of stage null
java.lang.Throwable
	at knot//me.shedaniel.rei.impl.common.plugins.ReloadManagerImpl.reloadPlugins(ReloadManagerImpl.java:110)
	at knot//me.shedaniel.rei.RoughlyEnoughItemsCore.lambda$onInitialize$5(RoughlyEnoughItemsCore.java:163)
	at java.base/java.util.concurrent.CompletableFuture$UniRun.tryFire(CompletableFuture.java:787)
	at java.base/java.util.concurrent.CompletableFuture$Completion.run(CompletableFuture.java:482)
	at knot//net.minecraft.class_4014.method_18365(class_4014.java:69)
	at knot//net.minecraft.class_156.method_43498(class_156.java:950)
	at knot//net.minecraft.class_156.method_43499(class_156.java:938)
	at knot//net.minecraft.server.Main.main(Main.java:160)
	at net.fabricmc.loader.impl.game.minecraft.MinecraftGameProvider.launch(MinecraftGameProvider.java:506)
	at net.fabricmc.loader.impl.launch.knot.Knot.launch(Knot.java:72)
	at net.fabricmc.loader.impl.launch.knot.KnotServer.main(KnotServer.java:23)
	at net.fabricmc.loader.impl.launch.server.FabricServerLauncher.main(FabricServerLauncher.java:69)
	at net.fabricmc.installer.ServerLauncher.main(ServerLauncher.java:69)
[23:24:48] [main/DEBUG] [REI] ========================================
[23:24:48] [main/DEBUG] [REI] REIPlugin starting pre-reload for START.
[23:24:48] [main/DEBUG] [REI] Reloadables (7):
[23:24:48] [main/DEBUG] [REI]  - EntryTypeRegistryImpl
[23:24:48] [main/DEBUG] [REI]  - EntrySettingsAdapterRegistryImpl
[23:24:48] [main/DEBUG] [REI]  - RecipeManagerContextImpl
[23:24:48] [main/DEBUG] [REI]  - ItemComparatorRegistryImpl
[23:24:48] [main/DEBUG] [REI]  - FluidComparatorRegistryImpl
[23:24:48] [main/DEBUG] [REI]  - DisplaySerializerRegistryImpl
[23:24:48] [main/DEBUG] [REI]  - FluidSupportProviderImpl
[23:24:48] [main/DEBUG] [REI] Plugins (3):
[23:24:48] [main/DEBUG] [REI]  - (-100.00) DefaultPlugin of DefaultPlugin [roughlyenoughitems]
[23:24:48] [main/DEBUG] [REI]  - (0.00) FabricFluidAPISupportPlugin
[23:24:48] [main/DEBUG] [REI]  - (0.00) DefaultRuntimePlugin of DefaultRuntimePlugin [roughlyenoughitems]
[23:24:48] [main/DEBUG] [REI] ========================================
[23:24:48] [main/TRACE] [REI] [REIPlugin START] Reloading Section: "pre-register/"
[23:24:48] [main/TRACE] [REI] [REIPlugin START] Reloading Section: "pre-register/DefaultPlugin of DefaultPlugin [roughlyenoughitems]/"
[23:24:48] [main/TRACE] [REI] [REIPlugin START] Reloading Section: "pre-register/DefaultPlugin of DefaultPlugin [roughlyenoughitems]/" done in 837.9 μs
[23:24:48] [main/TRACE] [REI] [REIPlugin START] Reloading Section: "pre-register/FabricFluidAPISupportPlugin/"
[23:24:48] [main/TRACE] [REI] [REIPlugin START] Reloading Section: "pre-register/FabricFluidAPISupportPlugin/" done in 47.78 μs
[23:24:48] [main/TRACE] [REI] [REIPlugin START] Reloading Section: "pre-register/DefaultRuntimePlugin of DefaultRuntimePlugin [roughlyenoughitems]/"
[23:24:48] [main/TRACE] [REI] [REIPlugin START] Reloading Section: "pre-register/DefaultRuntimePlugin of DefaultRuntimePlugin [roughlyenoughitems]/" done in 41.74 μs
[23:24:48] [main/TRACE] [REI] [REIPlugin START] Reloading Section: "pre-register/" done in 8.585 ms
[23:24:48] [main/TRACE] [REI] [REIPlugin START] Reloading Section: "pre-stage/"
[23:24:48] [main/TRACE] [REI] [REIPlugin START] Reloading Section: "pre-stage/EntryTypeRegistryImpl/"
[23:24:48] [main/TRACE] [REI] [REIPlugin START] Reloading Section: "pre-stage/EntryTypeRegistryImpl/" done in 196.9 μs
[23:24:48] [main/TRACE] [REI] [REIPlugin START] Reloading Section: "pre-stage/EntrySettingsAdapterRegistryImpl/"
[23:24:48] [main/TRACE] [REI] [REIPlugin START] Reloading Section: "pre-stage/EntrySettingsAdapterRegistryImpl/" done in 31.01 μs
[23:24:48] [main/TRACE] [REI] [REIPlugin START] Reloading Section: "pre-stage/RecipeManagerContextImpl/"
[23:24:48] [main/TRACE] [REI] [REIPlugin START] Reloading Section: "pre-stage/RecipeManagerContextImpl/" done in 30.64 μs
[23:24:48] [main/TRACE] [REI] [REIPlugin START] Reloading Section: "pre-stage/ItemComparatorRegistryImpl/"
[23:24:48] [main/TRACE] [REI] [REIPlugin START] Reloading Section: "pre-stage/ItemComparatorRegistryImpl/" done in 37.98 μs
[23:24:48] [main/TRACE] [REI] [REIPlugin START] Reloading Section: "pre-stage/FluidComparatorRegistryImpl/"
[23:24:48] [main/TRACE] [REI] [REIPlugin START] Reloading Section: "pre-stage/FluidComparatorRegistryImpl/" done in 33.82 μs
[23:24:48] [main/TRACE] [REI] [REIPlugin START] Reloading Section: "pre-stage/DisplaySerializerRegistryImpl/"
[23:24:48] [main/TRACE] [REI] [REIPlugin START] Reloading Section: "pre-stage/DisplaySerializerRegistryImpl/" done in 32.86 μs
[23:24:48] [main/TRACE] [REI] [REIPlugin START] Reloading Section: "pre-stage/FluidSupportProviderImpl/"
[23:24:48] [main/TRACE] [REI] [REIPlugin START] Reloading Section: "pre-stage/FluidSupportProviderImpl/" done in 35.68 μs
[23:24:48] [main/TRACE] [REI] [REIPlugin START] Reloading Section: "pre-stage/" done in 1.040 ms
[23:24:48] [main/DEBUG] [REI] ========================================
[23:24:48] [main/DEBUG] [REI] REIPlugin finished pre-reload for START in 10.06 ms.
[23:24:48] [main/DEBUG] [REI] ========================================
[23:24:48] [main/DEBUG] [REI] ========================================
[23:24:48] [main/DEBUG] [REI] REIServerPlugin starting pre-reload for START.
[23:24:48] [main/DEBUG] [REI] Reloadables (2):
[23:24:48] [main/DEBUG] [REI]  - MenuInfoRegistryImpl
[23:24:48] [main/DEBUG] [REI]  - SlotAccessorRegistryImpl
[23:24:48] [main/DEBUG] [REI] Plugins (3):
[23:24:48] [main/DEBUG] [REI]  - (-100.00) DefaultPlugin of DefaultPlugin [roughlyenoughitems]
[23:24:48] [main/DEBUG] [REI]  - (0.00) FabricFluidAPISupportPlugin
[23:24:48] [main/DEBUG] [REI]  - (0.00) DefaultRuntimePlugin of DefaultRuntimePlugin [roughlyenoughitems]
[23:24:48] [main/DEBUG] [REI] ========================================
[23:24:48] [main/TRACE] [REI] [REIServerPlugin START] Reloading Section: "pre-register/"
[23:24:48] [main/TRACE] [REI] [REIServerPlugin START] Reloading Section: "pre-register/DefaultPlugin of DefaultPlugin [roughlyenoughitems]/"
[23:24:48] [main/TRACE] [REI] [REIServerPlugin START] Reloading Section: "pre-register/DefaultPlugin of DefaultPlugin [roughlyenoughitems]/" done in 49.77 μs
[23:24:48] [main/TRACE] [REI] [REIServerPlugin START] Reloading Section: "pre-register/FabricFluidAPISupportPlugin/"
[23:24:48] [main/TRACE] [REI] [REIServerPlugin START] Reloading Section: "pre-register/FabricFluidAPISupportPlugin/" done in 71.61 μs
[23:24:48] [main/TRACE] [REI] [REIServerPlugin START] Reloading Section: "pre-register/DefaultRuntimePlugin of DefaultRuntimePlugin [roughlyenoughitems]/"
[23:24:48] [main/TRACE] [REI] [REIServerPlugin START] Reloading Section: "pre-register/DefaultRuntimePlugin of DefaultRuntimePlugin [roughlyenoughitems]/" done in 45.91 μs
[23:24:48] [main/TRACE] [REI] [REIServerPlugin START] Reloading Section: "pre-register/" done in 486.5 μs
[23:24:48] [main/TRACE] [REI] [REIServerPlugin START] Reloading Section: "pre-stage/"
[23:24:48] [main/TRACE] [REI] [REIServerPlugin START] Reloading Section: "pre-stage/MenuInfoRegistryImpl/"
[23:24:48] [main/TRACE] [REI] [REIServerPlugin START] Reloading Section: "pre-stage/MenuInfoRegistryImpl/" done in 44.30 μs
[23:24:48] [main/TRACE] [REI] [REIServerPlugin START] Reloading Section: "pre-stage/SlotAccessorRegistryImpl/"
[23:24:48] [main/TRACE] [REI] [REIServerPlugin START] Reloading Section: "pre-stage/SlotAccessorRegistryImpl/" done in 44.51 μs
[23:24:48] [main/TRACE] [REI] [REIServerPlugin START] Reloading Section: "pre-stage/" done in 281.1 μs
[23:24:48] [main/DEBUG] [REI] ========================================
[23:24:48] [main/DEBUG] [REI] REIServerPlugin finished pre-reload for START in 924.5 μs.
[23:24:48] [main/DEBUG] [REI] ========================================
[23:24:48] [main/INFO] [REI] @@@@@@@@@@@@@@@@@@@@@@@@@@@@@@@@@@@@@@@@
[23:24:48] [main/INFO] [REI] REIPlugin starting main-reload for START.
[23:24:48] [main/DEBUG] [REI] Reloadables (7):
[23:24:48] [main/DEBUG] [REI]  - EntryTypeRegistryImpl
[23:24:48] [main/DEBUG] [REI]  - EntrySettingsAdapterRegistryImpl
[23:24:48] [main/DEBUG] [REI]  - RecipeManagerContextImpl
[23:24:48] [main/DEBUG] [REI]  - ItemComparatorRegistryImpl
[23:24:48] [main/DEBUG] [REI]  - FluidComparatorRegistryImpl
[23:24:48] [main/DEBUG] [REI]  - DisplaySerializerRegistryImpl
[23:24:48] [main/DEBUG] [REI]  - FluidSupportProviderImpl
[23:24:48] [main/INFO] [REI] Plugins (3):
[23:24:48] [main/INFO] [REI]  - (-100.00) DefaultPlugin of DefaultPlugin [roughlyenoughitems]
[23:24:48] [main/INFO] [REI]  - (0.00) FabricFluidAPISupportPlugin
[23:24:48] [main/INFO] [REI]  - (0.00) DefaultRuntimePlugin of DefaultRuntimePlugin [roughlyenoughitems]
[23:24:48] [main/INFO] [REI] @@@@@@@@@@@@@@@@@@@@@@@@@@@@@@@@@@@@@@@@
[23:24:48] [main/TRACE] [REI] [REIPlugin START] Reloading Section: "start-reload/"
[23:24:48] [main/TRACE] [REI] [REIPlugin START] Reloading Section: "start-reload/EntryTypeRegistryImpl/"
[23:24:48] [main/TRACE] [REI] [REIPlugin START] Reloading Section: "start-reload/EntryTypeRegistryImpl/" done in 64.03 μs
[23:24:48] [main/TRACE] [REI] [REIPlugin START] Reloading Section: "start-reload/EntrySettingsAdapterRegistryImpl/"
[23:24:48] [main/TRACE] [REI] [REIPlugin START] Reloading Section: "start-reload/EntrySettingsAdapterRegistryImpl/" done in 35.64 μs
[23:24:48] [main/TRACE] [REI] [REIPlugin START] Reloading Section: "start-reload/RecipeManagerContextImpl/"
[23:24:48] [main/TRACE] [REI] [REIPlugin START] Reloading Section: "start-reload/RecipeManagerContextImpl/" done in 40.85 μs
[23:24:48] [main/TRACE] [REI] [REIPlugin START] Reloading Section: "start-reload/ItemComparatorRegistryImpl/"
[23:24:48] [main/TRACE] [REI] [REIPlugin START] Reloading Section: "start-reload/ItemComparatorRegistryImpl/" done in 60.16 μs
[23:24:48] [main/TRACE] [REI] [REIPlugin START] Reloading Section: "start-reload/FluidComparatorRegistryImpl/"
[23:24:48] [main/TRACE] [REI] [REIPlugin START] Reloading Section: "start-reload/FluidComparatorRegistryImpl/" done in 37.90 μs
[23:24:48] [main/TRACE] [REI] [REIPlugin START] Reloading Section: "start-reload/DisplaySerializerRegistryImpl/"
[23:24:48] [main/TRACE] [REI] [REIPlugin START] Reloading Section: "start-reload/DisplaySerializerRegistryImpl/" done in 35.14 μs
[23:24:48] [main/TRACE] [REI] [REIPlugin START] Reloading Section: "start-reload/FluidSupportProviderImpl/"
[23:24:48] [main/TRACE] [REI] [REIPlugin START] Reloading Section: "start-reload/FluidSupportProviderImpl/" done in 57.68 μs
[23:24:48] [main/TRACE] [REI] [REIPlugin START] Reloading Section: "start-reload/" done in 960.1 μs
[23:24:48] [main/DEBUG] [REI] ========================================
[23:24:48] [main/DEBUG] [REI] REIPlugin started main-reload for START.
[23:24:48] [main/DEBUG] [REI] ========================================
[23:24:48] [main/TRACE] [REI] [REIPlugin START] Reloading Section: "reloadable-plugin/EntryTypeRegistryImpl/"
[23:24:48] [main/TRACE] [REI] [REIPlugin START] Reloading Section: "reloadable-plugin/EntryTypeRegistryImpl/DefaultPlugin of DefaultPlugin [roughlyenoughitems]/"
[23:24:48] [main/TRACE] [REI] [REIPlugin START] Reloading Section: "reloadable-plugin/EntryTypeRegistryImpl/DefaultPlugin of DefaultPlugin [roughlyenoughitems]/" done in 735.0 μs
[23:24:48] [main/TRACE] [REI] [REIPlugin START] Reloading Section: "reloadable-plugin/EntryTypeRegistryImpl/FabricFluidAPISupportPlugin/"
[23:24:48] [main/TRACE] [REI] [REIPlugin START] Reloading Section: "reloadable-plugin/EntryTypeRegistryImpl/FabricFluidAPISupportPlugin/" done in 60.24 μs
[23:24:48] [main/TRACE] [REI] [REIPlugin START] Reloading Section: "reloadable-plugin/EntryTypeRegistryImpl/DefaultRuntimePlugin of DefaultRuntimePlugin [roughlyenoughitems]/"
[23:24:48] [main/TRACE] [REI] [REIPlugin START] Reloading Section: "reloadable-plugin/EntryTypeRegistryImpl/DefaultRuntimePlugin of DefaultRuntimePlugin [roughlyenoughitems]/" done in 7.150 ms
[23:24:48] [main/TRACE] [REI] [REIPlugin START] Reloading Section: "reloadable-plugin/EntryTypeRegistryImpl/" done in 8.858 ms
[23:24:48] [main/TRACE] [REI] [REIPlugin START] Reloading Section: "reloadable-plugin/EntrySettingsAdapterRegistryImpl/"
[23:24:48] [main/TRACE] [REI] [REIPlugin START] Reloading Section: "reloadable-plugin/EntrySettingsAdapterRegistryImpl/DefaultPlugin of DefaultPlugin [roughlyenoughitems]/"
[23:24:48] [main/TRACE] [REI] [REIPlugin START] Reloading Section: "reloadable-plugin/EntrySettingsAdapterRegistryImpl/DefaultPlugin of DefaultPlugin [roughlyenoughitems]/" done in 53.05 μs
[23:24:48] [main/TRACE] [REI] [REIPlugin START] Reloading Section: "reloadable-plugin/EntrySettingsAdapterRegistryImpl/FabricFluidAPISupportPlugin/"
[23:24:48] [main/TRACE] [REI] [REIPlugin START] Reloading Section: "reloadable-plugin/EntrySettingsAdapterRegistryImpl/FabricFluidAPISupportPlugin/" done in 36.96 μs
[23:24:48] [main/TRACE] [REI] [REIPlugin START] Reloading Section: "reloadable-plugin/EntrySettingsAdapterRegistryImpl/DefaultRuntimePlugin of DefaultRuntimePlugin [roughlyenoughitems]/"
[23:24:48] [main/TRACE] [REI] [REIPlugin START] Reloading Section: "reloadable-plugin/EntrySettingsAdapterRegistryImpl/DefaultRuntimePlugin of DefaultRuntimePlugin [roughlyenoughitems]/" done in 36.33 μs
[23:24:48] [main/TRACE] [REI] [REIPlugin START] Reloading Section: "reloadable-plugin/EntrySettingsAdapterRegistryImpl/" done in 400.1 μs
[23:24:48] [main/TRACE] [REI] [REIPlugin START] Reloading Section: "reloadable-plugin/RecipeManagerContextImpl/"
[23:24:48] [main/TRACE] [REI] [REIPlugin START] Reloading Section: "reloadable-plugin/RecipeManagerContextImpl/DefaultPlugin of DefaultPlugin [roughlyenoughitems]/"
[23:24:48] [main/TRACE] [REI] [REIPlugin START] Reloading Section: "reloadable-plugin/RecipeManagerContextImpl/DefaultPlugin of DefaultPlugin [roughlyenoughitems]/" done in 31.25 μs
[23:24:48] [main/TRACE] [REI] [REIPlugin START] Reloading Section: "reloadable-plugin/RecipeManagerContextImpl/FabricFluidAPISupportPlugin/"
[23:24:48] [main/TRACE] [REI] [REIPlugin START] Reloading Section: "reloadable-plugin/RecipeManagerContextImpl/FabricFluidAPISupportPlugin/" done in 52.30 μs
[23:24:48] [main/TRACE] [REI] [REIPlugin START] Reloading Section: "reloadable-plugin/RecipeManagerContextImpl/DefaultRuntimePlugin of DefaultRuntimePlugin [roughlyenoughitems]/"
[23:24:48] [main/TRACE] [REI] [REIPlugin START] Reloading Section: "reloadable-plugin/RecipeManagerContextImpl/DefaultRuntimePlugin of DefaultRuntimePlugin [roughlyenoughitems]/" done in 36.47 μs
[23:24:48] [main/TRACE] [REI] [REIPlugin START] Reloading Section: "reloadable-plugin/RecipeManagerContextImpl/" done in 378.8 μs
[23:24:48] [main/TRACE] [REI] [REIPlugin START] Reloading Section: "reloadable-plugin/ItemComparatorRegistryImpl/"
[23:24:48] [main/TRACE] [REI] [REIPlugin START] Reloading Section: "reloadable-plugin/ItemComparatorRegistryImpl/DefaultPlugin of DefaultPlugin [roughlyenoughitems]/"
[23:24:48] [main/TRACE] [REI] [REIPlugin START] Reloading Section: "reloadable-plugin/ItemComparatorRegistryImpl/DefaultPlugin of DefaultPlugin [roughlyenoughitems]/" done in 1.075 ms
[23:24:48] [main/TRACE] [REI] [REIPlugin START] Reloading Section: "reloadable-plugin/ItemComparatorRegistryImpl/FabricFluidAPISupportPlugin/"
[23:24:48] [main/TRACE] [REI] [REIPlugin START] Reloading Section: "reloadable-plugin/ItemComparatorRegistryImpl/FabricFluidAPISupportPlugin/" done in 52.52 μs
[23:24:48] [main/TRACE] [REI] [REIPlugin START] Reloading Section: "reloadable-plugin/ItemComparatorRegistryImpl/DefaultRuntimePlugin of DefaultRuntimePlugin [roughlyenoughitems]/"
[23:24:48] [main/TRACE] [REI] [REIPlugin START] Reloading Section: "reloadable-plugin/ItemComparatorRegistryImpl/DefaultRuntimePlugin of DefaultRuntimePlugin [roughlyenoughitems]/" done in 47.69 μs
[23:24:48] [main/TRACE] [REI] [REIPlugin START] Reloading Section: "reloadable-plugin/ItemComparatorRegistryImpl/" done in 1.521 ms
[23:24:48] [main/TRACE] [REI] [REIPlugin START] Reloading Section: "reloadable-plugin/FluidComparatorRegistryImpl/"
[23:24:48] [main/TRACE] [REI] [REIPlugin START] Reloading Section: "reloadable-plugin/FluidComparatorRegistryImpl/DefaultPlugin of DefaultPlugin [roughlyenoughitems]/"
[23:24:48] [main/TRACE] [REI] [REIPlugin START] Reloading Section: "reloadable-plugin/FluidComparatorRegistryImpl/DefaultPlugin of DefaultPlugin [roughlyenoughitems]/" done in 85.50 μs
[23:24:48] [main/TRACE] [REI] [REIPlugin START] Reloading Section: "reloadable-plugin/FluidComparatorRegistryImpl/FabricFluidAPISupportPlugin/"
[23:24:48] [main/TRACE] [REI] [REIPlugin START] Reloading Section: "reloadable-plugin/FluidComparatorRegistryImpl/FabricFluidAPISupportPlugin/" done in 48.90 μs
[23:24:48] [main/TRACE] [REI] [REIPlugin START] Reloading Section: "reloadable-plugin/FluidComparatorRegistryImpl/DefaultRuntimePlugin of DefaultRuntimePlugin [roughlyenoughitems]/"
[23:24:48] [main/TRACE] [REI] [REIPlugin START] Reloading Section: "reloadable-plugin/FluidComparatorRegistryImpl/DefaultRuntimePlugin of DefaultRuntimePlugin [roughlyenoughitems]/" done in 47.82 μs
[23:24:48] [main/TRACE] [REI] [REIPlugin START] Reloading Section: "reloadable-plugin/FluidComparatorRegistryImpl/" done in 511.5 μs
[23:24:48] [main/TRACE] [REI] [REIPlugin START] Reloading Section: "reloadable-plugin/DisplaySerializerRegistryImpl/"
[23:24:48] [main/TRACE] [REI] [REIPlugin START] Reloading Section: "reloadable-plugin/DisplaySerializerRegistryImpl/DefaultPlugin of DefaultPlugin [roughlyenoughitems]/"
[23:24:48] [main/TRACE] [REI] [REIPlugin START] Reloading Section: "reloadable-plugin/DisplaySerializerRegistryImpl/DefaultPlugin of DefaultPlugin [roughlyenoughitems]/" done in 47.56 μs
[23:24:48] [main/TRACE] [REI] [REIPlugin START] Reloading Section: "reloadable-plugin/DisplaySerializerRegistryImpl/FabricFluidAPISupportPlugin/"
[23:24:48] [main/TRACE] [REI] [REIPlugin START] Reloading Section: "reloadable-plugin/DisplaySerializerRegistryImpl/FabricFluidAPISupportPlugin/" done in 51.66 μs
[23:24:48] [main/TRACE] [REI] [REIPlugin START] Reloading Section: "reloadable-plugin/DisplaySerializerRegistryImpl/DefaultRuntimePlugin of DefaultRuntimePlugin [roughlyenoughitems]/"
[23:24:48] [main/TRACE] [REI] [REIPlugin START] Reloading Section: "reloadable-plugin/DisplaySerializerRegistryImpl/DefaultRuntimePlugin of DefaultRuntimePlugin [roughlyenoughitems]/" done in 54.76 μs
[23:24:48] [main/TRACE] [REI] [REIPlugin START] Reloading Section: "reloadable-plugin/DisplaySerializerRegistryImpl/" done in 478.8 μs
[23:24:48] [main/TRACE] [REI] [REIPlugin START] Reloading Section: "reloadable-plugin/FluidSupportProviderImpl/"
[23:24:48] [main/TRACE] [REI] [REIPlugin START] Reloading Section: "reloadable-plugin/FluidSupportProviderImpl/DefaultPlugin of DefaultPlugin [roughlyenoughitems]/"
[23:24:48] [main/TRACE] [REI] [REIPlugin START] Reloading Section: "reloadable-plugin/FluidSupportProviderImpl/DefaultPlugin of DefaultPlugin [roughlyenoughitems]/" done in 617.1 μs
[23:24:48] [main/TRACE] [REI] [REIPlugin START] Reloading Section: "reloadable-plugin/FluidSupportProviderImpl/FabricFluidAPISupportPlugin/"
[23:24:48] [main/TRACE] [REI] [REIPlugin START] Reloading Section: "reloadable-plugin/FluidSupportProviderImpl/FabricFluidAPISupportPlugin/" done in 344.0 μs
[23:24:48] [main/TRACE] [REI] [REIPlugin START] Reloading Section: "reloadable-plugin/FluidSupportProviderImpl/DefaultRuntimePlugin of DefaultRuntimePlugin [roughlyenoughitems]/"
[23:24:48] [main/TRACE] [REI] [REIPlugin START] Reloading Section: "reloadable-plugin/FluidSupportProviderImpl/DefaultRuntimePlugin of DefaultRuntimePlugin [roughlyenoughitems]/" done in 50.39 μs
[23:24:48] [main/TRACE] [REI] [REIPlugin START] Reloading Section: "reloadable-plugin/FluidSupportProviderImpl/" done in 1.592 ms
[23:24:48] [main/DEBUG] [REI] ========================================
[23:24:48] [main/DEBUG] [REI] REIPlugin ending main-reload for START.
[23:24:48] [main/DEBUG] [REI] ========================================
[23:24:48] [main/TRACE] [REI] [REIPlugin START] Reloading Section: "end-reload/"
[23:24:48] [main/TRACE] [REI] [REIPlugin START] Reloading Section: "end-reload/EntryTypeRegistryImpl/"
[23:24:48] [main/TRACE] [REI] [REIPlugin START] Reloading Section: "end-reload/EntryTypeRegistryImpl/" done in 44.28 μs
[23:24:48] [main/TRACE] [REI] [REIPlugin START] Reloading Section: "end-reload/EntrySettingsAdapterRegistryImpl/"
[23:24:48] [main/TRACE] [REI] [REIPlugin START] Reloading Section: "end-reload/EntrySettingsAdapterRegistryImpl/" done in 32.51 μs
[23:24:48] [main/TRACE] [REI] [REIPlugin START] Reloading Section: "end-reload/RecipeManagerContextImpl/"
[23:24:48] [main/TRACE] [REI] [REIPlugin START] Reloading Section: "end-reload/RecipeManagerContextImpl/" done in 26.91 μs
[23:24:48] [main/TRACE] [REI] [REIPlugin START] Reloading Section: "end-reload/ItemComparatorRegistryImpl/"
[23:24:48] [main/TRACE] [REI] [REIPlugin START] Reloading Section: "end-reload/ItemComparatorRegistryImpl/" done in 25.78 μs
[23:24:48] [main/TRACE] [REI] [REIPlugin START] Reloading Section: "end-reload/FluidComparatorRegistryImpl/"
[23:24:48] [main/TRACE] [REI] [REIPlugin START] Reloading Section: "end-reload/FluidComparatorRegistryImpl/" done in 25.17 μs
[23:24:48] [main/TRACE] [REI] [REIPlugin START] Reloading Section: "end-reload/DisplaySerializerRegistryImpl/"
[23:24:48] [main/TRACE] [REI] [REIPlugin START] Reloading Section: "end-reload/DisplaySerializerRegistryImpl/" done in 31.80 μs
[23:24:48] [main/TRACE] [REI] [REIPlugin START] Reloading Section: "end-reload/FluidSupportProviderImpl/"
[23:24:48] [main/TRACE] [REI] [REIPlugin START] Reloading Section: "end-reload/FluidSupportProviderImpl/" done in 26.06 μs
[23:24:48] [main/TRACE] [REI] [REIPlugin START] Reloading Section: "end-reload/" done in 789.3 μs
[23:24:48] [main/DEBUG] [REI] ========================================
[23:24:48] [main/DEBUG] [REI] REIPlugin ended main-reload for START in 17.95 ms.
[23:24:48] [main/DEBUG] [REI] ========================================
[23:24:48] [main/INFO] [REI] ~~~~~~~~~~~~~~~~~~~~~~~~~~~~~~~~~~~~~~~~
[23:24:48] [main/INFO] [REI] REIServerPlugin starting main-reload for START.
[23:24:48] [main/DEBUG] [REI] Reloadables (2):
[23:24:48] [main/DEBUG] [REI]  - MenuInfoRegistryImpl
[23:24:48] [main/DEBUG] [REI]  - SlotAccessorRegistryImpl
[23:24:48] [main/INFO] [REI] Plugins (3):
[23:24:48] [main/INFO] [REI]  - (-100.00) DefaultPlugin of DefaultPlugin [roughlyenoughitems]
[23:24:48] [main/INFO] [REI]  - (0.00) FabricFluidAPISupportPlugin
[23:24:48] [main/INFO] [REI]  - (0.00) DefaultRuntimePlugin of DefaultRuntimePlugin [roughlyenoughitems]
[23:24:48] [main/INFO] [REI] ~~~~~~~~~~~~~~~~~~~~~~~~~~~~~~~~~~~~~~~~
[23:24:48] [main/TRACE] [REI] [REIServerPlugin START] Reloading Section: "start-reload/"
[23:24:48] [main/TRACE] [REI] [REIServerPlugin START] Reloading Section: "start-reload/MenuInfoRegistryImpl/"
[23:24:48] [main/TRACE] [REI] [REIServerPlugin START] Reloading Section: "start-reload/MenuInfoRegistryImpl/" done in 53.17 μs
[23:24:48] [main/TRACE] [REI] [REIServerPlugin START] Reloading Section: "start-reload/SlotAccessorRegistryImpl/"
[23:24:48] [main/TRACE] [REI] [REIServerPlugin START] Reloading Section: "start-reload/SlotAccessorRegistryImpl/" done in 935.1 μs
[23:24:48] [main/TRACE] [REI] [REIServerPlugin START] Reloading Section: "start-reload/" done in 1.318 ms
[23:24:48] [main/DEBUG] [REI] ========================================
[23:24:48] [main/DEBUG] [REI] REIServerPlugin started main-reload for START.
[23:24:48] [main/DEBUG] [REI] ========================================
[23:24:48] [main/TRACE] [REI] [REIServerPlugin START] Reloading Section: "reloadable-plugin/MenuInfoRegistryImpl/"
[23:24:48] [main/TRACE] [REI] [REIServerPlugin START] Reloading Section: "reloadable-plugin/MenuInfoRegistryImpl/DefaultPlugin of DefaultPlugin [roughlyenoughitems]/"
[23:24:48] [main/TRACE] [REI] [REIServerPlugin START] Reloading Section: "reloadable-plugin/MenuInfoRegistryImpl/DefaultPlugin of DefaultPlugin [roughlyenoughitems]/" done in 56.93 μs
[23:24:48] [main/TRACE] [REI] [REIServerPlugin START] Reloading Section: "reloadable-plugin/MenuInfoRegistryImpl/FabricFluidAPISupportPlugin/"
[23:24:48] [main/TRACE] [REI] [REIServerPlugin START] Reloading Section: "reloadable-plugin/MenuInfoRegistryImpl/FabricFluidAPISupportPlugin/" done in 50.51 μs
[23:24:48] [main/TRACE] [REI] [REIServerPlugin START] Reloading Section: "reloadable-plugin/MenuInfoRegistryImpl/DefaultRuntimePlugin of DefaultRuntimePlugin [roughlyenoughitems]/"
[23:24:48] [main/TRACE] [REI] [REIServerPlugin START] Reloading Section: "reloadable-plugin/MenuInfoRegistryImpl/DefaultRuntimePlugin of DefaultRuntimePlugin [roughlyenoughitems]/" done in 34.35 μs
[23:24:48] [main/TRACE] [REI] [REIServerPlugin START] Reloading Section: "reloadable-plugin/MenuInfoRegistryImpl/" done in 423.6 μs
[23:24:48] [main/TRACE] [REI] [REIServerPlugin START] Reloading Section: "reloadable-plugin/SlotAccessorRegistryImpl/"
[23:24:48] [main/TRACE] [REI] [REIServerPlugin START] Reloading Section: "reloadable-plugin/SlotAccessorRegistryImpl/DefaultPlugin of DefaultPlugin [roughlyenoughitems]/"
[23:24:48] [main/TRACE] [REI] [REIServerPlugin START] Reloading Section: "reloadable-plugin/SlotAccessorRegistryImpl/DefaultPlugin of DefaultPlugin [roughlyenoughitems]/" done in 31.28 μs
[23:24:48] [main/TRACE] [REI] [REIServerPlugin START] Reloading Section: "reloadable-plugin/SlotAccessorRegistryImpl/FabricFluidAPISupportPlugin/"
[23:24:48] [main/TRACE] [REI] [REIServerPlugin START] Reloading Section: "reloadable-plugin/SlotAccessorRegistryImpl/FabricFluidAPISupportPlugin/" done in 29.74 μs
[23:24:48] [main/TRACE] [REI] [REIServerPlugin START] Reloading Section: "reloadable-plugin/SlotAccessorRegistryImpl/DefaultRuntimePlugin of DefaultRuntimePlugin [roughlyenoughitems]/"
[23:24:48] [main/TRACE] [REI] [REIServerPlugin START] Reloading Section: "reloadable-plugin/SlotAccessorRegistryImpl/DefaultRuntimePlugin of DefaultRuntimePlugin [roughlyenoughitems]/" done in 32.52 μs
[23:24:48] [main/TRACE] [REI] [REIServerPlugin START] Reloading Section: "reloadable-plugin/SlotAccessorRegistryImpl/" done in 325.2 μs
[23:24:48] [main/DEBUG] [REI] ========================================
[23:24:48] [main/DEBUG] [REI] REIServerPlugin ending main-reload for START.
[23:24:48] [main/DEBUG] [REI] ========================================
[23:24:48] [main/TRACE] [REI] [REIServerPlugin START] Reloading Section: "end-reload/"
[23:24:48] [main/TRACE] [REI] [REIServerPlugin START] Reloading Section: "end-reload/MenuInfoRegistryImpl/"
[23:24:48] [main/TRACE] [REI] [REIServerPlugin START] Reloading Section: "end-reload/MenuInfoRegistryImpl/" done in 70.45 μs
[23:24:48] [main/TRACE] [REI] [REIServerPlugin START] Reloading Section: "end-reload/SlotAccessorRegistryImpl/"
[23:24:48] [main/TRACE] [REI] [REIServerPlugin START] Reloading Section: "end-reload/SlotAccessorRegistryImpl/" done in 73.05 μs
[23:24:48] [main/TRACE] [REI] [REIServerPlugin START] Reloading Section: "end-reload/" done in 482.4 μs
[23:24:48] [main/DEBUG] [REI] ========================================
[23:24:48] [main/DEBUG] [REI] REIServerPlugin ended main-reload for START in 4.738 ms.
[23:24:48] [main/DEBUG] [REI] ========================================
[23:24:48] [main/DEBUG] [REI] ========================================
[23:24:48] [main/DEBUG] [REI] REIPlugin starting post-reload for START.
[23:24:48] [main/DEBUG] [REI] Reloadables (7):
[23:24:48] [main/DEBUG] [REI]  - EntryTypeRegistryImpl
[23:24:48] [main/DEBUG] [REI]  - EntrySettingsAdapterRegistryImpl
[23:24:48] [main/DEBUG] [REI]  - RecipeManagerContextImpl
[23:24:48] [main/DEBUG] [REI]  - ItemComparatorRegistryImpl
[23:24:48] [main/DEBUG] [REI]  - FluidComparatorRegistryImpl
[23:24:48] [main/DEBUG] [REI]  - DisplaySerializerRegistryImpl
[23:24:48] [main/DEBUG] [REI]  - FluidSupportProviderImpl
[23:24:48] [main/DEBUG] [REI] Plugins (3):
[23:24:48] [main/DEBUG] [REI]  - (-100.00) DefaultPlugin of DefaultPlugin [roughlyenoughitems]
[23:24:48] [main/DEBUG] [REI]  - (0.00) FabricFluidAPISupportPlugin
[23:24:48] [main/DEBUG] [REI]  - (0.00) DefaultRuntimePlugin of DefaultRuntimePlugin [roughlyenoughitems]
[23:24:48] [main/DEBUG] [REI] ========================================
[23:24:48] [main/TRACE] [REI] [REIPlugin START] Reloading Section: "post-register/"
[23:24:48] [main/TRACE] [REI] [REIPlugin START] Reloading Section: "post-register/DefaultPlugin of DefaultPlugin [roughlyenoughitems]/"
[23:24:48] [main/TRACE] [REI] [REIPlugin START] Reloading Section: "post-register/DefaultPlugin of DefaultPlugin [roughlyenoughitems]/" done in 259.2 μs
[23:24:48] [main/TRACE] [REI] [REIPlugin START] Reloading Section: "post-register/FabricFluidAPISupportPlugin/"
[23:24:48] [main/TRACE] [REI] [REIPlugin START] Reloading Section: "post-register/FabricFluidAPISupportPlugin/" done in 34.85 μs
[23:24:48] [main/TRACE] [REI] [REIPlugin START] Reloading Section: "post-register/DefaultRuntimePlugin of DefaultRuntimePlugin [roughlyenoughitems]/"
[23:24:48] [main/TRACE] [REI] [REIPlugin START] Reloading Section: "post-register/DefaultRuntimePlugin of DefaultRuntimePlugin [roughlyenoughitems]/" done in 32.28 μs
[23:24:48] [main/TRACE] [REI] [REIPlugin START] Reloading Section: "post-register/" done in 1.334 ms
[23:24:48] [main/TRACE] [REI] [REIPlugin START] Reloading Section: "post-stage/"
[23:24:48] [main/TRACE] [REI] [REIPlugin START] Reloading Section: "post-stage/EntryTypeRegistryImpl/"
[23:24:48] [main/TRACE] [REI] [REIPlugin START] Reloading Section: "post-stage/EntryTypeRegistryImpl/" done in 45.49 μs
[23:24:48] [main/TRACE] [REI] [REIPlugin START] Reloading Section: "post-stage/EntrySettingsAdapterRegistryImpl/"
[23:24:48] [main/TRACE] [REI] [REIPlugin START] Reloading Section: "post-stage/EntrySettingsAdapterRegistryImpl/" done in 26.30 μs
[23:24:48] [main/TRACE] [REI] [REIPlugin START] Reloading Section: "post-stage/RecipeManagerContextImpl/"
[23:24:48] [main/TRACE] [REI] [REIPlugin START] Reloading Section: "post-stage/RecipeManagerContextImpl/" done in 24.10 μs
[23:24:48] [main/TRACE] [REI] [REIPlugin START] Reloading Section: "post-stage/ItemComparatorRegistryImpl/"
[23:24:48] [main/TRACE] [REI] [REIPlugin START] Reloading Section: "post-stage/ItemComparatorRegistryImpl/" done in 27.99 μs
[23:24:48] [main/TRACE] [REI] [REIPlugin START] Reloading Section: "post-stage/FluidComparatorRegistryImpl/"
[23:24:48] [main/TRACE] [REI] [REIPlugin START] Reloading Section: "post-stage/FluidComparatorRegistryImpl/" done in 24.86 μs
[23:24:48] [main/TRACE] [REI] [REIPlugin START] Reloading Section: "post-stage/DisplaySerializerRegistryImpl/"
[23:24:48] [main/TRACE] [REI] [REIPlugin START] Reloading Section: "post-stage/DisplaySerializerRegistryImpl/" done in 22.70 μs
[23:24:48] [main/TRACE] [REI] [REIPlugin START] Reloading Section: "post-stage/FluidSupportProviderImpl/"
[23:24:48] [main/TRACE] [REI] [REIPlugin START] Reloading Section: "post-stage/FluidSupportProviderImpl/" done in 27.47 μs
[23:24:48] [main/TRACE] [REI] [REIPlugin START] Reloading Section: "post-stage/" done in 679.0 μs
[23:24:48] [main/DEBUG] [REI] ========================================
[23:24:48] [main/INFO] [REI] REIPlugin finished post-reload for START in 2.108 ms, totaling 30.10 ms.
[23:24:48] [main/DEBUG] [REI] ========================================
[23:24:48] [main/DEBUG] [REI] ========================================
[23:24:48] [main/DEBUG] [REI] REIServerPlugin starting post-reload for START.
[23:24:48] [main/DEBUG] [REI] Reloadables (2):
[23:24:48] [main/DEBUG] [REI]  - MenuInfoRegistryImpl
[23:24:48] [main/DEBUG] [REI]  - SlotAccessorRegistryImpl
[23:24:48] [main/DEBUG] [REI] Plugins (3):
[23:24:48] [main/DEBUG] [REI]  - (-100.00) DefaultPlugin of DefaultPlugin [roughlyenoughitems]
[23:24:48] [main/DEBUG] [REI]  - (0.00) FabricFluidAPISupportPlugin
[23:24:48] [main/DEBUG] [REI]  - (0.00) DefaultRuntimePlugin of DefaultRuntimePlugin [roughlyenoughitems]
[23:24:48] [main/DEBUG] [REI] ========================================
[23:24:48] [main/TRACE] [REI] [REIServerPlugin START] Reloading Section: "post-register/"
[23:24:48] [main/TRACE] [REI] [REIServerPlugin START] Reloading Section: "post-register/DefaultPlugin of DefaultPlugin [roughlyenoughitems]/"
[23:24:48] [main/TRACE] [REI] [REIServerPlugin START] Reloading Section: "post-register/DefaultPlugin of DefaultPlugin [roughlyenoughitems]/" done in 24.48 μs
[23:24:48] [main/TRACE] [REI] [REIServerPlugin START] Reloading Section: "post-register/FabricFluidAPISupportPlugin/"
[23:24:48] [main/TRACE] [REI] [REIServerPlugin START] Reloading Section: "post-register/FabricFluidAPISupportPlugin/" done in 23.19 μs
[23:24:48] [main/TRACE] [REI] [REIServerPlugin START] Reloading Section: "post-register/DefaultRuntimePlugin of DefaultRuntimePlugin [roughlyenoughitems]/"
[23:24:48] [main/TRACE] [REI] [REIServerPlugin START] Reloading Section: "post-register/DefaultRuntimePlugin of DefaultRuntimePlugin [roughlyenoughitems]/" done in 22.89 μs
[23:24:48] [main/TRACE] [REI] [REIServerPlugin START] Reloading Section: "post-register/" done in 243.5 μs
[23:24:48] [main/TRACE] [REI] [REIServerPlugin START] Reloading Section: "post-stage/"
[23:24:48] [main/TRACE] [REI] [REIServerPlugin START] Reloading Section: "post-stage/MenuInfoRegistryImpl/"
[23:24:48] [main/TRACE] [REI] [REIServerPlugin START] Reloading Section: "post-stage/MenuInfoRegistryImpl/" done in 21.35 μs
[23:24:48] [main/TRACE] [REI] [REIServerPlugin START] Reloading Section: "post-stage/SlotAccessorRegistryImpl/"
[23:24:48] [main/TRACE] [REI] [REIServerPlugin START] Reloading Section: "post-stage/SlotAccessorRegistryImpl/" done in 23.74 μs
[23:24:48] [main/TRACE] [REI] [REIServerPlugin START] Reloading Section: "post-stage/" done in 159.9 μs
[23:24:48] [main/DEBUG] [REI] ========================================
[23:24:48] [main/INFO] [REI] REIServerPlugin finished post-reload for START in 481.8 μs, totaling 6.106 ms.
[23:24:48] [main/DEBUG] [REI] ========================================
[23:24:48] [main/DEBUG] [REI] ========================================
[23:24:48] [main/DEBUG] [REI] REIPlugin starting pre-reload for END.
[23:24:48] [main/DEBUG] [REI] Reloadables (7):
[23:24:48] [main/DEBUG] [REI]  - EntryTypeRegistryImpl
[23:24:48] [main/DEBUG] [REI]  - EntrySettingsAdapterRegistryImpl
[23:24:48] [main/DEBUG] [REI]  - RecipeManagerContextImpl
[23:24:48] [main/DEBUG] [REI]  - ItemComparatorRegistryImpl
[23:24:48] [main/DEBUG] [REI]  - FluidComparatorRegistryImpl
[23:24:48] [main/DEBUG] [REI]  - DisplaySerializerRegistryImpl
[23:24:48] [main/DEBUG] [REI]  - FluidSupportProviderImpl
[23:24:48] [main/DEBUG] [REI] Plugins (3):
[23:24:48] [main/DEBUG] [REI]  - (-100.00) DefaultPlugin of DefaultPlugin [roughlyenoughitems]
[23:24:48] [main/DEBUG] [REI]  - (0.00) FabricFluidAPISupportPlugin
[23:24:48] [main/DEBUG] [REI]  - (0.00) DefaultRuntimePlugin of DefaultRuntimePlugin [roughlyenoughitems]
[23:24:48] [main/DEBUG] [REI] ========================================
[23:24:48] [main/TRACE] [REI] [REIPlugin END] Reloading Section: "pre-register/"
[23:24:48] [main/TRACE] [REI] [REIPlugin END] Reloading Section: "pre-register/DefaultPlugin of DefaultPlugin [roughlyenoughitems]/"
[23:24:48] [main/TRACE] [REI] [REIPlugin END] Reloading Section: "pre-register/DefaultPlugin of DefaultPlugin [roughlyenoughitems]/" done in 35.46 μs
[23:24:48] [main/TRACE] [REI] [REIPlugin END] Reloading Section: "pre-register/FabricFluidAPISupportPlugin/"
[23:24:48] [main/TRACE] [REI] [REIPlugin END] Reloading Section: "pre-register/FabricFluidAPISupportPlugin/" done in 45.40 μs
[23:24:48] [main/TRACE] [REI] [REIPlugin END] Reloading Section: "pre-register/DefaultRuntimePlugin of DefaultRuntimePlugin [roughlyenoughitems]/"
[23:24:48] [main/TRACE] [REI] [REIPlugin END] Reloading Section: "pre-register/DefaultRuntimePlugin of DefaultRuntimePlugin [roughlyenoughitems]/" done in 45.92 μs
[23:24:48] [main/TRACE] [REI] [REIPlugin END] Reloading Section: "pre-register/" done in 492.2 μs
[23:24:48] [main/TRACE] [REI] [REIPlugin END] Reloading Section: "pre-stage/"
[23:24:48] [main/TRACE] [REI] [REIPlugin END] Reloading Section: "pre-stage/EntryTypeRegistryImpl/"
[23:24:48] [main/TRACE] [REI] [REIPlugin END] Reloading Section: "pre-stage/EntryTypeRegistryImpl/" done in 33.49 μs
[23:24:48] [main/TRACE] [REI] [REIPlugin END] Reloading Section: "pre-stage/EntrySettingsAdapterRegistryImpl/"
[23:24:48] [main/TRACE] [REI] [REIPlugin END] Reloading Section: "pre-stage/EntrySettingsAdapterRegistryImpl/" done in 37.72 μs
[23:24:48] [main/TRACE] [REI] [REIPlugin END] Reloading Section: "pre-stage/RecipeManagerContextImpl/"
[23:24:48] [main/TRACE] [REI] [REIPlugin END] Reloading Section: "pre-stage/RecipeManagerContextImpl/" done in 26.88 μs
[23:24:48] [main/TRACE] [REI] [REIPlugin END] Reloading Section: "pre-stage/ItemComparatorRegistryImpl/"
[23:24:48] [main/TRACE] [REI] [REIPlugin END] Reloading Section: "pre-stage/ItemComparatorRegistryImpl/" done in 29.81 μs
[23:24:48] [main/TRACE] [REI] [REIPlugin END] Reloading Section: "pre-stage/FluidComparatorRegistryImpl/"
[23:24:48] [main/TRACE] [REI] [REIPlugin END] Reloading Section: "pre-stage/FluidComparatorRegistryImpl/" done in 27.00 μs
[23:24:48] [main/TRACE] [REI] [REIPlugin END] Reloading Section: "pre-stage/DisplaySerializerRegistryImpl/"
[23:24:48] [main/TRACE] [REI] [REIPlugin END] Reloading Section: "pre-stage/DisplaySerializerRegistryImpl/" done in 44.78 μs
[23:24:48] [main/TRACE] [REI] [REIPlugin END] Reloading Section: "pre-stage/FluidSupportProviderImpl/"
[23:24:48] [main/TRACE] [REI] [REIPlugin END] Reloading Section: "pre-stage/FluidSupportProviderImpl/" done in 29.47 μs
[23:24:48] [main/TRACE] [REI] [REIPlugin END] Reloading Section: "pre-stage/" done in 702.2 μs
[23:24:48] [main/DEBUG] [REI] ========================================
[23:24:48] [main/DEBUG] [REI] REIPlugin finished pre-reload for END in 1.347 ms.
[23:24:48] [main/DEBUG] [REI] ========================================
[23:24:48] [main/DEBUG] [REI] ========================================
[23:24:48] [main/DEBUG] [REI] REIServerPlugin starting pre-reload for END.
[23:24:48] [main/DEBUG] [REI] Reloadables (2):
[23:24:48] [main/DEBUG] [REI]  - MenuInfoRegistryImpl
[23:24:48] [main/DEBUG] [REI]  - SlotAccessorRegistryImpl
[23:24:48] [main/DEBUG] [REI] Plugins (3):
[23:24:48] [main/DEBUG] [REI]  - (-100.00) DefaultPlugin of DefaultPlugin [roughlyenoughitems]
[23:24:48] [main/DEBUG] [REI]  - (0.00) FabricFluidAPISupportPlugin
[23:24:48] [main/DEBUG] [REI]  - (0.00) DefaultRuntimePlugin of DefaultRuntimePlugin [roughlyenoughitems]
[23:24:48] [main/DEBUG] [REI] ========================================
[23:24:48] [main/TRACE] [REI] [REIServerPlugin END] Reloading Section: "pre-register/"
[23:24:48] [main/TRACE] [REI] [REIServerPlugin END] Reloading Section: "pre-register/DefaultPlugin of DefaultPlugin [roughlyenoughitems]/"
[23:24:48] [main/TRACE] [REI] [REIServerPlugin END] Reloading Section: "pre-register/DefaultPlugin of DefaultPlugin [roughlyenoughitems]/" done in 29.29 μs
[23:24:48] [main/TRACE] [REI] [REIServerPlugin END] Reloading Section: "pre-register/FabricFluidAPISupportPlugin/"
[23:24:48] [main/TRACE] [REI] [REIServerPlugin END] Reloading Section: "pre-register/FabricFluidAPISupportPlugin/" done in 27.86 μs
[23:24:48] [main/TRACE] [REI] [REIServerPlugin END] Reloading Section: "pre-register/DefaultRuntimePlugin of DefaultRuntimePlugin [roughlyenoughitems]/"
[23:24:48] [main/TRACE] [REI] [REIServerPlugin END] Reloading Section: "pre-register/DefaultRuntimePlugin of DefaultRuntimePlugin [roughlyenoughitems]/" done in 28.81 μs
[23:24:48] [main/TRACE] [REI] [REIServerPlugin END] Reloading Section: "pre-register/" done in 294.9 μs
[23:24:48] [main/TRACE] [REI] [REIServerPlugin END] Reloading Section: "pre-stage/"
[23:24:48] [main/TRACE] [REI] [REIServerPlugin END] Reloading Section: "pre-stage/MenuInfoRegistryImpl/"
[23:24:48] [main/TRACE] [REI] [REIServerPlugin END] Reloading Section: "pre-stage/MenuInfoRegistryImpl/" done in 207.4 μs
[23:24:48] [main/TRACE] [REI] [REIServerPlugin END] Reloading Section: "pre-stage/SlotAccessorRegistryImpl/"
[23:24:48] [main/TRACE] [REI] [REIServerPlugin END] Reloading Section: "pre-stage/SlotAccessorRegistryImpl/" done in 224.8 μs
[23:24:48] [main/TRACE] [REI] [REIServerPlugin END] Reloading Section: "pre-stage/" done in 1.346 ms
[23:24:48] [main/DEBUG] [REI] ========================================
[23:24:48] [main/DEBUG] [REI] REIServerPlugin finished pre-reload for END in 2.184 ms.
[23:24:48] [main/DEBUG] [REI] ========================================
[23:24:48] [main/INFO] [REI] ########################################
[23:24:48] [main/INFO] [REI] REIPlugin starting main-reload for END.
[23:24:48] [main/DEBUG] [REI] Reloadables (7):
[23:24:48] [main/DEBUG] [REI]  - EntryTypeRegistryImpl
[23:24:48] [main/DEBUG] [REI]  - EntrySettingsAdapterRegistryImpl
[23:24:48] [main/DEBUG] [REI]  - RecipeManagerContextImpl
[23:24:48] [main/DEBUG] [REI]  - ItemComparatorRegistryImpl
[23:24:48] [main/DEBUG] [REI]  - FluidComparatorRegistryImpl
[23:24:48] [main/DEBUG] [REI]  - DisplaySerializerRegistryImpl
[23:24:48] [main/DEBUG] [REI]  - FluidSupportProviderImpl
[23:24:48] [main/INFO] [REI] Plugins (3):
[23:24:48] [main/INFO] [REI]  - (-100.00) DefaultPlugin of DefaultPlugin [roughlyenoughitems]
[23:24:48] [main/INFO] [REI]  - (0.00) FabricFluidAPISupportPlugin
[23:24:48] [main/INFO] [REI]  - (0.00) DefaultRuntimePlugin of DefaultRuntimePlugin [roughlyenoughitems]
[23:24:48] [main/INFO] [REI] ########################################
[23:24:48] [main/TRACE] [REI] [REIPlugin END] Reloading Section: "start-reload/"
[23:24:48] [main/TRACE] [REI] [REIPlugin END] Reloading Section: "start-reload/EntryTypeRegistryImpl/"
[23:24:48] [main/TRACE] [REI] [REIPlugin END] Reloading Section: "start-reload/EntryTypeRegistryImpl/" done in 37.63 μs
[23:24:48] [main/TRACE] [REI] [REIPlugin END] Reloading Section: "start-reload/EntrySettingsAdapterRegistryImpl/"
[23:24:48] [main/TRACE] [REI] [REIPlugin END] Reloading Section: "start-reload/EntrySettingsAdapterRegistryImpl/" done in 58.51 μs
[23:24:48] [main/TRACE] [REI] [REIPlugin END] Reloading Section: "start-reload/RecipeManagerContextImpl/"
[23:24:48] [main/TRACE] [REI] [REIPlugin END] Reloading Section: "start-reload/RecipeManagerContextImpl/" done in 54.93 μs
[23:24:48] [main/TRACE] [REI] [REIPlugin END] Reloading Section: "start-reload/ItemComparatorRegistryImpl/"
[23:24:48] [main/TRACE] [REI] [REIPlugin END] Reloading Section: "start-reload/ItemComparatorRegistryImpl/" done in 29.48 μs
[23:24:48] [main/TRACE] [REI] [REIPlugin END] Reloading Section: "start-reload/FluidComparatorRegistryImpl/"
[23:24:48] [main/TRACE] [REI] [REIPlugin END] Reloading Section: "start-reload/FluidComparatorRegistryImpl/" done in 98.10 μs
[23:24:48] [main/TRACE] [REI] [REIPlugin END] Reloading Section: "start-reload/DisplaySerializerRegistryImpl/"
[23:24:48] [main/TRACE] [REI] [REIPlugin END] Reloading Section: "start-reload/DisplaySerializerRegistryImpl/" done in 312.1 μs
[23:24:48] [main/TRACE] [REI] [REIPlugin END] Reloading Section: "start-reload/FluidSupportProviderImpl/"
[23:24:48] [main/TRACE] [REI] [REIPlugin END] Reloading Section: "start-reload/FluidSupportProviderImpl/" done in 62.77 μs
[23:24:48] [main/TRACE] [REI] [REIPlugin END] Reloading Section: "start-reload/" done in 1.598 ms
[23:24:48] [main/DEBUG] [REI] ========================================
[23:24:48] [main/DEBUG] [REI] REIPlugin started main-reload for END.
[23:24:48] [main/DEBUG] [REI] ========================================
[23:24:48] [main/TRACE] [REI] [REIPlugin END] Reloading Section: "reloadable-plugin/EntryTypeRegistryImpl/"
[23:24:48] [main/TRACE] [REI] [REIPlugin END] Reloading Section: "reloadable-plugin/EntryTypeRegistryImpl/DefaultPlugin of DefaultPlugin [roughlyenoughitems]/"
[23:24:48] [main/TRACE] [REI] [REIPlugin END] Reloading Section: "reloadable-plugin/EntryTypeRegistryImpl/DefaultPlugin of DefaultPlugin [roughlyenoughitems]/" done in 67.11 μs
[23:24:48] [main/TRACE] [REI] [REIPlugin END] Reloading Section: "reloadable-plugin/EntryTypeRegistryImpl/FabricFluidAPISupportPlugin/"
[23:24:48] [main/TRACE] [REI] [REIPlugin END] Reloading Section: "reloadable-plugin/EntryTypeRegistryImpl/FabricFluidAPISupportPlugin/" done in 70.69 μs
[23:24:48] [main/TRACE] [REI] [REIPlugin END] Reloading Section: "reloadable-plugin/EntryTypeRegistryImpl/DefaultRuntimePlugin of DefaultRuntimePlugin [roughlyenoughitems]/"
[23:24:48] [main/TRACE] [REI] [REIPlugin END] Reloading Section: "reloadable-plugin/EntryTypeRegistryImpl/DefaultRuntimePlugin of DefaultRuntimePlugin [roughlyenoughitems]/" done in 74.72 μs
[23:24:48] [main/TRACE] [REI] [REIPlugin END] Reloading Section: "reloadable-plugin/EntryTypeRegistryImpl/" done in 798.6 μs
[23:24:48] [main/TRACE] [REI] [REIPlugin END] Reloading Section: "reloadable-plugin/EntrySettingsAdapterRegistryImpl/"
[23:24:48] [main/TRACE] [REI] [REIPlugin END] Reloading Section: "reloadable-plugin/EntrySettingsAdapterRegistryImpl/DefaultPlugin of DefaultPlugin [roughlyenoughitems]/"
[23:24:48] [main/TRACE] [REI] [REIPlugin END] Reloading Section: "reloadable-plugin/EntrySettingsAdapterRegistryImpl/DefaultPlugin of DefaultPlugin [roughlyenoughitems]/" done in 108.7 μs
[23:24:48] [main/TRACE] [REI] [REIPlugin END] Reloading Section: "reloadable-plugin/EntrySettingsAdapterRegistryImpl/FabricFluidAPISupportPlugin/"
[23:24:48] [main/TRACE] [REI] [REIPlugin END] Reloading Section: "reloadable-plugin/EntrySettingsAdapterRegistryImpl/FabricFluidAPISupportPlugin/" done in 71.78 μs
[23:24:48] [main/TRACE] [REI] [REIPlugin END] Reloading Section: "reloadable-plugin/EntrySettingsAdapterRegistryImpl/DefaultRuntimePlugin of DefaultRuntimePlugin [roughlyenoughitems]/"
[23:24:48] [main/TRACE] [REI] [REIPlugin END] Reloading Section: "reloadable-plugin/EntrySettingsAdapterRegistryImpl/DefaultRuntimePlugin of DefaultRuntimePlugin [roughlyenoughitems]/" done in 66.02 μs
[23:24:48] [main/TRACE] [REI] [REIPlugin END] Reloading Section: "reloadable-plugin/EntrySettingsAdapterRegistryImpl/" done in 669.2 μs
[23:24:48] [main/TRACE] [REI] [REIPlugin END] Reloading Section: "reloadable-plugin/RecipeManagerContextImpl/"
[23:24:48] [main/TRACE] [REI] [REIPlugin END] Reloading Section: "reloadable-plugin/RecipeManagerContextImpl/DefaultPlugin of DefaultPlugin [roughlyenoughitems]/"
[23:24:48] [main/TRACE] [REI] [REIPlugin END] Reloading Section: "reloadable-plugin/RecipeManagerContextImpl/DefaultPlugin of DefaultPlugin [roughlyenoughitems]/" done in 64.55 μs
[23:24:48] [main/TRACE] [REI] [REIPlugin END] Reloading Section: "reloadable-plugin/RecipeManagerContextImpl/FabricFluidAPISupportPlugin/"
[23:24:48] [main/TRACE] [REI] [REIPlugin END] Reloading Section: "reloadable-plugin/RecipeManagerContextImpl/FabricFluidAPISupportPlugin/" done in 54.00 μs
[23:24:48] [main/TRACE] [REI] [REIPlugin END] Reloading Section: "reloadable-plugin/RecipeManagerContextImpl/DefaultRuntimePlugin of DefaultRuntimePlugin [roughlyenoughitems]/"
[23:24:48] [main/TRACE] [REI] [REIPlugin END] Reloading Section: "reloadable-plugin/RecipeManagerContextImpl/DefaultRuntimePlugin of DefaultRuntimePlugin [roughlyenoughitems]/" done in 70.32 μs
[23:24:48] [main/TRACE] [REI] [REIPlugin END] Reloading Section: "reloadable-plugin/RecipeManagerContextImpl/" done in 564.3 μs
[23:24:48] [main/TRACE] [REI] [REIPlugin END] Reloading Section: "reloadable-plugin/ItemComparatorRegistryImpl/"
[23:24:48] [main/TRACE] [REI] [REIPlugin END] Reloading Section: "reloadable-plugin/ItemComparatorRegistryImpl/DefaultPlugin of DefaultPlugin [roughlyenoughitems]/"
[23:24:48] [main/TRACE] [REI] [REIPlugin END] Reloading Section: "reloadable-plugin/ItemComparatorRegistryImpl/DefaultPlugin of DefaultPlugin [roughlyenoughitems]/" done in 25.03 μs
[23:24:48] [main/TRACE] [REI] [REIPlugin END] Reloading Section: "reloadable-plugin/ItemComparatorRegistryImpl/FabricFluidAPISupportPlugin/"
[23:24:48] [main/TRACE] [REI] [REIPlugin END] Reloading Section: "reloadable-plugin/ItemComparatorRegistryImpl/FabricFluidAPISupportPlugin/" done in 26.40 μs
[23:24:48] [main/TRACE] [REI] [REIPlugin END] Reloading Section: "reloadable-plugin/ItemComparatorRegistryImpl/DefaultRuntimePlugin of DefaultRuntimePlugin [roughlyenoughitems]/"
[23:24:48] [main/TRACE] [REI] [REIPlugin END] Reloading Section: "reloadable-plugin/ItemComparatorRegistryImpl/DefaultRuntimePlugin of DefaultRuntimePlugin [roughlyenoughitems]/" done in 33.88 μs
[23:24:48] [main/TRACE] [REI] [REIPlugin END] Reloading Section: "reloadable-plugin/ItemComparatorRegistryImpl/" done in 323.4 μs
[23:24:48] [main/TRACE] [REI] [REIPlugin END] Reloading Section: "reloadable-plugin/FluidComparatorRegistryImpl/"
[23:24:48] [main/TRACE] [REI] [REIPlugin END] Reloading Section: "reloadable-plugin/FluidComparatorRegistryImpl/DefaultPlugin of DefaultPlugin [roughlyenoughitems]/"
[23:24:48] [main/TRACE] [REI] [REIPlugin END] Reloading Section: "reloadable-plugin/FluidComparatorRegistryImpl/DefaultPlugin of DefaultPlugin [roughlyenoughitems]/" done in 29.12 μs
[23:24:48] [main/TRACE] [REI] [REIPlugin END] Reloading Section: "reloadable-plugin/FluidComparatorRegistryImpl/FabricFluidAPISupportPlugin/"
[23:24:48] [main/TRACE] [REI] [REIPlugin END] Reloading Section: "reloadable-plugin/FluidComparatorRegistryImpl/FabricFluidAPISupportPlugin/" done in 34.02 μs
[23:24:48] [main/TRACE] [REI] [REIPlugin END] Reloading Section: "reloadable-plugin/FluidComparatorRegistryImpl/DefaultRuntimePlugin of DefaultRuntimePlugin [roughlyenoughitems]/"
[23:24:48] [main/TRACE] [REI] [REIPlugin END] Reloading Section: "reloadable-plugin/FluidComparatorRegistryImpl/DefaultRuntimePlugin of DefaultRuntimePlugin [roughlyenoughitems]/" done in 39.28 μs
[23:24:48] [main/TRACE] [REI] [REIPlugin END] Reloading Section: "reloadable-plugin/FluidComparatorRegistryImpl/" done in 331.5 μs
[23:24:48] [main/TRACE] [REI] [REIPlugin END] Reloading Section: "reloadable-plugin/DisplaySerializerRegistryImpl/"
[23:24:48] [main/TRACE] [REI] [REIPlugin END] Reloading Section: "reloadable-plugin/DisplaySerializerRegistryImpl/DefaultPlugin of DefaultPlugin [roughlyenoughitems]/"
[23:24:48] [main/TRACE] [REI] [REIPlugin END] Reloading Section: "reloadable-plugin/DisplaySerializerRegistryImpl/DefaultPlugin of DefaultPlugin [roughlyenoughitems]/" done in 18.05 ms
[23:24:48] [main/TRACE] [REI] [REIPlugin END] Reloading Section: "reloadable-plugin/DisplaySerializerRegistryImpl/FabricFluidAPISupportPlugin/"
[23:24:48] [main/TRACE] [REI] [REIPlugin END] Reloading Section: "reloadable-plugin/DisplaySerializerRegistryImpl/FabricFluidAPISupportPlugin/" done in 59.29 μs
[23:24:48] [main/TRACE] [REI] [REIPlugin END] Reloading Section: "reloadable-plugin/DisplaySerializerRegistryImpl/DefaultRuntimePlugin of DefaultRuntimePlugin [roughlyenoughitems]/"
[23:24:48] [main/TRACE] [REI] [REIPlugin END] Reloading Section: "reloadable-plugin/DisplaySerializerRegistryImpl/DefaultRuntimePlugin of DefaultRuntimePlugin [roughlyenoughitems]/" done in 33.79 μs
[23:24:48] [main/TRACE] [REI] [REIPlugin END] Reloading Section: "reloadable-plugin/DisplaySerializerRegistryImpl/" done in 18.55 ms
[23:24:48] [main/TRACE] [REI] [REIPlugin END] Reloading Section: "reloadable-plugin/FluidSupportProviderImpl/"
[23:24:48] [main/TRACE] [REI] [REIPlugin END] Reloading Section: "reloadable-plugin/FluidSupportProviderImpl/DefaultPlugin of DefaultPlugin [roughlyenoughitems]/"
[23:24:48] [main/TRACE] [REI] [REIPlugin END] Reloading Section: "reloadable-plugin/FluidSupportProviderImpl/DefaultPlugin of DefaultPlugin [roughlyenoughitems]/" done in 24.26 μs
[23:24:48] [main/TRACE] [REI] [REIPlugin END] Reloading Section: "reloadable-plugin/FluidSupportProviderImpl/FabricFluidAPISupportPlugin/"
[23:24:48] [main/TRACE] [REI] [REIPlugin END] Reloading Section: "reloadable-plugin/FluidSupportProviderImpl/FabricFluidAPISupportPlugin/" done in 26.57 μs
[23:24:48] [main/TRACE] [REI] [REIPlugin END] Reloading Section: "reloadable-plugin/FluidSupportProviderImpl/DefaultRuntimePlugin of DefaultRuntimePlugin [roughlyenoughitems]/"
[23:24:48] [main/TRACE] [REI] [REIPlugin END] Reloading Section: "reloadable-plugin/FluidSupportProviderImpl/DefaultRuntimePlugin of DefaultRuntimePlugin [roughlyenoughitems]/" done in 42.94 μs
[23:24:48] [main/TRACE] [REI] [REIPlugin END] Reloading Section: "reloadable-plugin/FluidSupportProviderImpl/" done in 333.0 μs
[23:24:48] [main/DEBUG] [REI] ========================================
[23:24:48] [main/DEBUG] [REI] REIPlugin ending main-reload for END.
[23:24:48] [main/DEBUG] [REI] ========================================
[23:24:48] [main/TRACE] [REI] [REIPlugin END] Reloading Section: "end-reload/"
[23:24:48] [main/TRACE] [REI] [REIPlugin END] Reloading Section: "end-reload/EntryTypeRegistryImpl/"
[23:24:48] [main/TRACE] [REI] [REIPlugin END] Reloading Section: "end-reload/EntryTypeRegistryImpl/" done in 45.88 μs
[23:24:48] [main/TRACE] [REI] [REIPlugin END] Reloading Section: "end-reload/EntrySettingsAdapterRegistryImpl/"
[23:24:48] [main/TRACE] [REI] [REIPlugin END] Reloading Section: "end-reload/EntrySettingsAdapterRegistryImpl/" done in 21.47 μs
[23:24:48] [main/TRACE] [REI] [REIPlugin END] Reloading Section: "end-reload/RecipeManagerContextImpl/"
[23:24:48] [main/TRACE] [REI] [REIPlugin END] Reloading Section: "end-reload/RecipeManagerContextImpl/" done in 44.54 μs
[23:24:48] [main/TRACE] [REI] [REIPlugin END] Reloading Section: "end-reload/ItemComparatorRegistryImpl/"
[23:24:48] [main/TRACE] [REI] [REIPlugin END] Reloading Section: "end-reload/ItemComparatorRegistryImpl/" done in 19.09 μs
[23:24:48] [main/TRACE] [REI] [REIPlugin END] Reloading Section: "end-reload/FluidComparatorRegistryImpl/"
[23:24:48] [main/TRACE] [REI] [REIPlugin END] Reloading Section: "end-reload/FluidComparatorRegistryImpl/" done in 19.48 μs
[23:24:48] [main/TRACE] [REI] [REIPlugin END] Reloading Section: "end-reload/DisplaySerializerRegistryImpl/"
[23:24:48] [main/TRACE] [REI] [REIPlugin END] Reloading Section: "end-reload/DisplaySerializerRegistryImpl/" done in 20.50 μs
[23:24:48] [main/TRACE] [REI] [REIPlugin END] Reloading Section: "end-reload/FluidSupportProviderImpl/"
[23:24:48] [main/TRACE] [REI] [REIPlugin END] Reloading Section: "end-reload/FluidSupportProviderImpl/" done in 17.98 μs
[23:24:48] [main/TRACE] [REI] [REIPlugin END] Reloading Section: "end-reload/" done in 539.8 μs
[23:24:48] [main/DEBUG] [REI] ========================================
[23:24:48] [main/DEBUG] [REI] REIPlugin ended main-reload for END in 28.37 ms.
[23:24:48] [main/DEBUG] [REI] ========================================
[23:24:48] [main/INFO] [REI] @@@@@@@@@@@@@@@@@@@@@@@@@@@@@@@@@@@@@@@@
[23:24:48] [main/INFO] [REI] REIServerPlugin starting main-reload for END.
[23:24:48] [main/DEBUG] [REI] Reloadables (2):
[23:24:48] [main/DEBUG] [REI]  - MenuInfoRegistryImpl
[23:24:48] [main/DEBUG] [REI]  - SlotAccessorRegistryImpl
[23:24:48] [main/INFO] [REI] Plugins (3):
[23:24:48] [main/INFO] [REI]  - (-100.00) DefaultPlugin of DefaultPlugin [roughlyenoughitems]
[23:24:48] [main/INFO] [REI]  - (0.00) FabricFluidAPISupportPlugin
[23:24:48] [main/INFO] [REI]  - (0.00) DefaultRuntimePlugin of DefaultRuntimePlugin [roughlyenoughitems]
[23:24:48] [main/INFO] [REI] @@@@@@@@@@@@@@@@@@@@@@@@@@@@@@@@@@@@@@@@
[23:24:48] [main/TRACE] [REI] [REIServerPlugin END] Reloading Section: "start-reload/"
[23:24:48] [main/TRACE] [REI] [REIServerPlugin END] Reloading Section: "start-reload/MenuInfoRegistryImpl/"
[23:24:48] [main/TRACE] [REI] [REIServerPlugin END] Reloading Section: "start-reload/MenuInfoRegistryImpl/" done in 76.01 μs
[23:24:48] [main/TRACE] [REI] [REIServerPlugin END] Reloading Section: "start-reload/SlotAccessorRegistryImpl/"
[23:24:48] [main/TRACE] [REI] [REIServerPlugin END] Reloading Section: "start-reload/SlotAccessorRegistryImpl/" done in 76.95 μs
[23:24:48] [main/TRACE] [REI] [REIServerPlugin END] Reloading Section: "start-reload/" done in 452.4 μs
[23:24:48] [main/DEBUG] [REI] ========================================
[23:24:48] [main/DEBUG] [REI] REIServerPlugin started main-reload for END.
[23:24:48] [main/DEBUG] [REI] ========================================
[23:24:48] [main/TRACE] [REI] [REIServerPlugin END] Reloading Section: "reloadable-plugin/MenuInfoRegistryImpl/"
[23:24:48] [main/TRACE] [REI] [REIServerPlugin END] Reloading Section: "reloadable-plugin/MenuInfoRegistryImpl/DefaultPlugin of DefaultPlugin [roughlyenoughitems]/"
[23:24:48] [main/TRACE] [REI] [REIServerPlugin END] Reloading Section: "reloadable-plugin/MenuInfoRegistryImpl/DefaultPlugin of DefaultPlugin [roughlyenoughitems]/" done in 68.55 μs
[23:24:48] [main/TRACE] [REI] [REIServerPlugin END] Reloading Section: "reloadable-plugin/MenuInfoRegistryImpl/FabricFluidAPISupportPlugin/"
[23:24:48] [main/TRACE] [REI] [REIServerPlugin END] Reloading Section: "reloadable-plugin/MenuInfoRegistryImpl/FabricFluidAPISupportPlugin/" done in 52.56 μs
[23:24:48] [main/TRACE] [REI] [REIServerPlugin END] Reloading Section: "reloadable-plugin/MenuInfoRegistryImpl/DefaultRuntimePlugin of DefaultRuntimePlugin [roughlyenoughitems]/"
[23:24:48] [main/TRACE] [REI] [REIServerPlugin END] Reloading Section: "reloadable-plugin/MenuInfoRegistryImpl/DefaultRuntimePlugin of DefaultRuntimePlugin [roughlyenoughitems]/" done in 54.80 μs
[23:24:48] [main/TRACE] [REI] [REIServerPlugin END] Reloading Section: "reloadable-plugin/MenuInfoRegistryImpl/" done in 529.8 μs
[23:24:48] [main/TRACE] [REI] [REIServerPlugin END] Reloading Section: "reloadable-plugin/SlotAccessorRegistryImpl/"
[23:24:48] [main/TRACE] [REI] [REIServerPlugin END] Reloading Section: "reloadable-plugin/SlotAccessorRegistryImpl/DefaultPlugin of DefaultPlugin [roughlyenoughitems]/"
[23:24:48] [main/TRACE] [REI] [REIServerPlugin END] Reloading Section: "reloadable-plugin/SlotAccessorRegistryImpl/DefaultPlugin of DefaultPlugin [roughlyenoughitems]/" done in 71.87 μs
[23:24:48] [main/TRACE] [REI] [REIServerPlugin END] Reloading Section: "reloadable-plugin/SlotAccessorRegistryImpl/FabricFluidAPISupportPlugin/"
[23:24:48] [main/TRACE] [REI] [REIServerPlugin END] Reloading Section: "reloadable-plugin/SlotAccessorRegistryImpl/FabricFluidAPISupportPlugin/" done in 57.74 μs
[23:24:48] [main/TRACE] [REI] [REIServerPlugin END] Reloading Section: "reloadable-plugin/SlotAccessorRegistryImpl/DefaultRuntimePlugin of DefaultRuntimePlugin [roughlyenoughitems]/"
[23:24:48] [main/DEBUG] [REI] Added slot accessor serializer: me.shedaniel.rei.plugin.common.runtime.DefaultRuntimePlugin$1@7744bc4b [roughlyenoughitems:vanilla]
[23:24:48] [main/DEBUG] [REI] Added slot accessor serializer: me.shedaniel.rei.plugin.common.runtime.DefaultRuntimePlugin$2@6f5efb63 [roughlyenoughitems:player]
[23:24:48] [main/TRACE] [REI] [REIServerPlugin END] Reloading Section: "reloadable-plugin/SlotAccessorRegistryImpl/DefaultRuntimePlugin of DefaultRuntimePlugin [roughlyenoughitems]/" done in 1.725 ms
[23:24:48] [main/TRACE] [REI] [REIServerPlugin END] Reloading Section: "reloadable-plugin/SlotAccessorRegistryImpl/" done in 2.212 ms
[23:24:48] [main/DEBUG] [REI] ========================================
[23:24:48] [main/DEBUG] [REI] REIServerPlugin ending main-reload for END.
[23:24:48] [main/DEBUG] [REI] ========================================
[23:24:48] [main/TRACE] [REI] [REIServerPlugin END] Reloading Section: "end-reload/"
[23:24:48] [main/TRACE] [REI] [REIServerPlugin END] Reloading Section: "end-reload/MenuInfoRegistryImpl/"
[23:24:48] [main/DEBUG] [REI] Registered 0 menu infos
[23:24:48] [main/TRACE] [REI] [REIServerPlugin END] Reloading Section: "end-reload/MenuInfoRegistryImpl/" done in 112.9 μs
[23:24:48] [main/TRACE] [REI] [REIServerPlugin END] Reloading Section: "end-reload/SlotAccessorRegistryImpl/"
[23:24:48] [main/DEBUG] [REI] Registered 2 slot accessor serializers
[23:24:48] [main/TRACE] [REI] [REIServerPlugin END] Reloading Section: "end-reload/SlotAccessorRegistryImpl/" done in 91.41 μs
[23:24:48] [main/TRACE] [REI] [REIServerPlugin END] Reloading Section: "end-reload/" done in 391.6 μs
[23:24:48] [main/DEBUG] [REI] ========================================
[23:24:48] [main/DEBUG] [REI] REIServerPlugin ended main-reload for END in 6.202 ms.
[23:24:48] [main/DEBUG] [REI] ========================================
[23:24:48] [main/DEBUG] [REI] ========================================
[23:24:48] [main/DEBUG] [REI] REIPlugin starting post-reload for END.
[23:24:48] [main/DEBUG] [REI] Reloadables (7):
[23:24:48] [main/DEBUG] [REI]  - EntryTypeRegistryImpl
[23:24:48] [main/DEBUG] [REI]  - EntrySettingsAdapterRegistryImpl
[23:24:48] [main/DEBUG] [REI]  - RecipeManagerContextImpl
[23:24:48] [main/DEBUG] [REI]  - ItemComparatorRegistryImpl
[23:24:48] [main/DEBUG] [REI]  - FluidComparatorRegistryImpl
[23:24:48] [main/DEBUG] [REI]  - DisplaySerializerRegistryImpl
[23:24:48] [main/DEBUG] [REI]  - FluidSupportProviderImpl
[23:24:48] [main/DEBUG] [REI] Plugins (3):
[23:24:48] [main/DEBUG] [REI]  - (-100.00) DefaultPlugin of DefaultPlugin [roughlyenoughitems]
[23:24:48] [main/DEBUG] [REI]  - (0.00) FabricFluidAPISupportPlugin
[23:24:48] [main/DEBUG] [REI]  - (0.00) DefaultRuntimePlugin of DefaultRuntimePlugin [roughlyenoughitems]
[23:24:48] [main/DEBUG] [REI] ========================================
[23:24:48] [main/TRACE] [REI] [REIPlugin END] Reloading Section: "post-register/"
[23:24:48] [main/TRACE] [REI] [REIPlugin END] Reloading Section: "post-register/DefaultPlugin of DefaultPlugin [roughlyenoughitems]/"
[23:24:48] [main/TRACE] [REI] [REIPlugin END] Reloading Section: "post-register/DefaultPlugin of DefaultPlugin [roughlyenoughitems]/" done in 41.82 μs
[23:24:48] [main/TRACE] [REI] [REIPlugin END] Reloading Section: "post-register/FabricFluidAPISupportPlugin/"
[23:24:48] [main/TRACE] [REI] [REIPlugin END] Reloading Section: "post-register/FabricFluidAPISupportPlugin/" done in 55.26 μs
[23:24:48] [main/TRACE] [REI] [REIPlugin END] Reloading Section: "post-register/DefaultRuntimePlugin of DefaultRuntimePlugin [roughlyenoughitems]/"
[23:24:48] [main/TRACE] [REI] [REIPlugin END] Reloading Section: "post-register/DefaultRuntimePlugin of DefaultRuntimePlugin [roughlyenoughitems]/" done in 34.71 μs
[23:24:48] [main/TRACE] [REI] [REIPlugin END] Reloading Section: "post-register/" done in 431.5 μs
[23:24:48] [main/TRACE] [REI] [REIPlugin END] Reloading Section: "post-stage/"
[23:24:48] [main/TRACE] [REI] [REIPlugin END] Reloading Section: "post-stage/EntryTypeRegistryImpl/"
[23:24:48] [main/TRACE] [REI] [REIPlugin END] Reloading Section: "post-stage/EntryTypeRegistryImpl/" done in 33.19 μs
[23:24:48] [main/TRACE] [REI] [REIPlugin END] Reloading Section: "post-stage/EntrySettingsAdapterRegistryImpl/"
[23:24:48] [main/TRACE] [REI] [REIPlugin END] Reloading Section: "post-stage/EntrySettingsAdapterRegistryImpl/" done in 43.67 μs
[23:24:48] [main/TRACE] [REI] [REIPlugin END] Reloading Section: "post-stage/RecipeManagerContextImpl/"
[23:24:48] [main/TRACE] [REI] [REIPlugin END] Reloading Section: "post-stage/RecipeManagerContextImpl/" done in 32.14 μs
[23:24:48] [main/TRACE] [REI] [REIPlugin END] Reloading Section: "post-stage/ItemComparatorRegistryImpl/"
[23:24:48] [main/TRACE] [REI] [REIPlugin END] Reloading Section: "post-stage/ItemComparatorRegistryImpl/" done in 31.67 μs
[23:24:48] [main/TRACE] [REI] [REIPlugin END] Reloading Section: "post-stage/FluidComparatorRegistryImpl/"
[23:24:48] [main/TRACE] [REI] [REIPlugin END] Reloading Section: "post-stage/FluidComparatorRegistryImpl/" done in 31.45 μs
[23:24:48] [main/TRACE] [REI] [REIPlugin END] Reloading Section: "post-stage/DisplaySerializerRegistryImpl/"
[23:24:48] [main/TRACE] [REI] [REIPlugin END] Reloading Section: "post-stage/DisplaySerializerRegistryImpl/" done in 41.62 μs
[23:24:48] [main/TRACE] [REI] [REIPlugin END] Reloading Section: "post-stage/FluidSupportProviderImpl/"
[23:24:48] [main/TRACE] [REI] [REIPlugin END] Reloading Section: "post-stage/FluidSupportProviderImpl/" done in 35.19 μs
[23:24:48] [main/TRACE] [REI] [REIPlugin END] Reloading Section: "post-stage/" done in 723.2 μs
[23:24:48] [main/DEBUG] [REI] ========================================
[23:24:48] [main/INFO] [REI] REIPlugin finished post-reload for END in 1.293 ms, totaling 30.99 ms.
[23:24:48] [main/DEBUG] [REI] ========================================
[23:24:48] [main/DEBUG] [REI] ========================================
[23:24:48] [main/DEBUG] [REI] REIServerPlugin starting post-reload for END.
[23:24:48] [main/DEBUG] [REI] Reloadables (2):
[23:24:48] [main/DEBUG] [REI]  - MenuInfoRegistryImpl
[23:24:48] [main/DEBUG] [REI]  - SlotAccessorRegistryImpl
[23:24:48] [main/DEBUG] [REI] Plugins (3):
[23:24:48] [main/DEBUG] [REI]  - (-100.00) DefaultPlugin of DefaultPlugin [roughlyenoughitems]
[23:24:48] [main/DEBUG] [REI]  - (0.00) FabricFluidAPISupportPlugin
[23:24:48] [main/DEBUG] [REI]  - (0.00) DefaultRuntimePlugin of DefaultRuntimePlugin [roughlyenoughitems]
[23:24:48] [main/DEBUG] [REI] ========================================
[23:24:48] [main/TRACE] [REI] [REIServerPlugin END] Reloading Section: "post-register/"
[23:24:48] [main/TRACE] [REI] [REIServerPlugin END] Reloading Section: "post-register/DefaultPlugin of DefaultPlugin [roughlyenoughitems]/"
[23:24:48] [main/TRACE] [REI] [REIServerPlugin END] Reloading Section: "post-register/DefaultPlugin of DefaultPlugin [roughlyenoughitems]/" done in 38.43 μs
[23:24:48] [main/TRACE] [REI] [REIServerPlugin END] Reloading Section: "post-register/FabricFluidAPISupportPlugin/"
[23:24:48] [main/TRACE] [REI] [REIServerPlugin END] Reloading Section: "post-register/FabricFluidAPISupportPlugin/" done in 60.14 μs
[23:24:48] [main/TRACE] [REI] [REIServerPlugin END] Reloading Section: "post-register/DefaultRuntimePlugin of DefaultRuntimePlugin [roughlyenoughitems]/"
[23:24:48] [main/TRACE] [REI] [REIServerPlugin END] Reloading Section: "post-register/DefaultRuntimePlugin of DefaultRuntimePlugin [roughlyenoughitems]/" done in 40.04 μs
[23:24:48] [main/TRACE] [REI] [REIServerPlugin END] Reloading Section: "post-register/" done in 407.9 μs
[23:24:48] [main/TRACE] [REI] [REIServerPlugin END] Reloading Section: "post-stage/"
[23:24:48] [main/TRACE] [REI] [REIServerPlugin END] Reloading Section: "post-stage/MenuInfoRegistryImpl/"
[23:24:48] [main/TRACE] [REI] [REIServerPlugin END] Reloading Section: "post-stage/MenuInfoRegistryImpl/" done in 35.59 μs
[23:24:48] [main/TRACE] [REI] [REIServerPlugin END] Reloading Section: "post-stage/SlotAccessorRegistryImpl/"
[23:24:48] [main/TRACE] [REI] [REIServerPlugin END] Reloading Section: "post-stage/SlotAccessorRegistryImpl/" done in 37.08 μs
[23:24:48] [main/TRACE] [REI] [REIServerPlugin END] Reloading Section: "post-stage/" done in 292.0 μs
[23:24:48] [main/DEBUG] [REI] ========================================
[23:24:48] [main/INFO] [REI] REIServerPlugin finished post-reload for END in 819.1 μs, totaling 9.168 ms.
[23:24:48] [main/DEBUG] [REI] ========================================
